1 threads
250K
1293136
1262196
1146915
1273680
1202550
1235883
1314320
1213308
1317225
1152725
1199410
1242107
1371620
1384429
1336904
1287392
1221757
1418450
1314263
1268908
1392164
1261785
1314590
1197290
1155218
1273566
1148591
1150441
1175293
1169148
1116519
1107726
1151524
1273412
1209843
1122003
1214384
1445851
1243662
1187088
1086141
1229741
1149847
1295776
1322519
1302003
1323038
1116366
1257225
1340961
1282915
1317557
1313520
1168804
1465623
1279018
1064753
1138477
1182431
1150470
1251051
1225712
1217348
1426015
1289064
1415039
1194248
1248627
1341356
1187194
1078919
1170558
1295321
1171851
1279600
1218638
1088078
1060792
1256466
1102662
1225923
1242244
1409498
1259363
1394136
1044627
1064753
1185264
1256968
1157267
1123450
1310056
1280015
1234873
1120284
1210204
1106861
1165414
1261775
1342275
1112260

real	0m0.161s
user	0m0.143s
sys	0m0.013s
1293136
1262196
1146915
1273680
1202550
1235883
1314320
1213308
1317225
1152725
1199410
1242107
1371620
1384429
1336904
1287392
1221757
1418450
1314263
1268908
1392164
1261785
1314590
1197290
1155218
1273566
1148591
1150441
1175293
1169148
1116519
1107726
1151524
1273412
1209843
1122003
1214384
1445851
1243662
1187088
1086141
1229741
1149847
1295776
1322519
1302003
1323038
1116366
1257225
1340961
1282915
1317557
1313520
1168804
1465623
1279018
1064753
1138477
1182431
1150470
1251051
1225712
1217348
1426015
1289064
1415039
1194248
1248627
1341356
1187194
1078919
1170558
1295321
1171851
1279600
1218638
1088078
1060792
1256466
1102662
1225923
1242244
1409498
1259363
1394136
1044627
1064753
1185264
1256968
1157267
1123450
1310056
1280015
1234873
1120284
1210204
1106861
1165414
1261775
1342275
1112260

real	0m0.157s
user	0m0.132s
sys	0m0.022s
1293136
1262196
1146915
1273680
1202550
1235883
1314320
1213308
1317225
1152725
1199410
1242107
1371620
1384429
1336904
1287392
1221757
1418450
1314263
1268908
1392164
1261785
1314590
1197290
1155218
1273566
1148591
1150441
1175293
1169148
1116519
1107726
1151524
1273412
1209843
1122003
1214384
1445851
1243662
1187088
1086141
1229741
1149847
1295776
1322519
1302003
1323038
1116366
1257225
1340961
1282915
1317557
1313520
1168804
1465623
1279018
1064753
1138477
1182431
1150470
1251051
1225712
1217348
1426015
1289064
1415039
1194248
1248627
1341356
1187194
1078919
1170558
1295321
1171851
1279600
1218638
1088078
1060792
1256466
1102662
1225923
1242244
1409498
1259363
1394136
1044627
1064753
1185264
1256968
1157267
1123450
1310056
1280015
1234873
1120284
1210204
1106861
1165414
1261775
1342275
1112260

real	0m0.160s
user	0m0.136s
sys	0m0.021s
1293136
1262196
1146915
1273680
1202550
1235883
1314320
1213308
1317225
1152725
1199410
1242107
1371620
1384429
1336904
1287392
1221757
1418450
1314263
1268908
1392164
1261785
1314590
1197290
1155218
1273566
1148591
1150441
1175293
1169148
1116519
1107726
1151524
1273412
1209843
1122003
1214384
1445851
1243662
1187088
1086141
1229741
1149847
1295776
1322519
1302003
1323038
1116366
1257225
1340961
1282915
1317557
1313520
1168804
1465623
1279018
1064753
1138477
1182431
1150470
1251051
1225712
1217348
1426015
1289064
1415039
1194248
1248627
1341356
1187194
1078919
1170558
1295321
1171851
1279600
1218638
1088078
1060792
1256466
1102662
1225923
1242244
1409498
1259363
1394136
1044627
1064753
1185264
1256968
1157267
1123450
1310056
1280015
1234873
1120284
1210204
1106861
1165414
1261775
1342275
1112260

real	0m0.155s
user	0m0.130s
sys	0m0.022s
1293136
1262196
1146915
1273680
1202550
1235883
1314320
1213308
1317225
1152725
1199410
1242107
1371620
1384429
1336904
1287392
1221757
1418450
1314263
1268908
1392164
1261785
1314590
1197290
1155218
1273566
1148591
1150441
1175293
1169148
1116519
1107726
1151524
1273412
1209843
1122003
1214384
1445851
1243662
1187088
1086141
1229741
1149847
1295776
1322519
1302003
1323038
1116366
1257225
1340961
1282915
1317557
1313520
1168804
1465623
1279018
1064753
1138477
1182431
1150470
1251051
1225712
1217348
1426015
1289064
1415039
1194248
1248627
1341356
1187194
1078919
1170558
1295321
1171851
1279600
1218638
1088078
1060792
1256466
1102662
1225923
1242244
1409498
1259363
1394136
1044627
1064753
1185264
1256968
1157267
1123450
1310056
1280015
1234873
1120284
1210204
1106861
1165414
1261775
1342275
1112260

real	0m0.166s
user	0m0.131s
sys	0m0.023s
500K
2596453
2544331
2300180
2552596
2406026
2471773
2635830
2435173
2635932
2311371
2403322
2488602
2746685
2780930
2675746
2588304
2451313
2836968
2632774
2536042
2783463
2528603
2642496
2398865
2317055
2554821
2304760
2306029
2349775
2340897
2236739
2213315
2304842
2551545
2418479
2241877
2431778
2903047
2483902
2375984
2176968
2463700
2293223
2593476
2639892
2603430
2643637
2241178
2522121
2681553
2575346
2635919
2627008
2352519
2934213
2564857
2134980
2293907
2367543
2301570
2507588
2455558
2438067
2858646
2578072
2847507
2387554
2496748
2685908
2378928
2169864
2345497
2593086
2340825
2569722
2441899
2176277
2126734
2522026
2215458
2457328
2489604
2836595
2509089
2801213
2097285
2135374
2364604
2505904
2320323
2248508
2636489
2574132
2490372
2253300
2421221
2218277
2331452
2531877
2682924
2227271

real	0m0.306s
user	0m0.279s
sys	0m0.023s
2596453
2544331
2300180
2552596
2406026
2471773
2635830
2435173
2635932
2311371
2403322
2488602
2746685
2780930
2675746
2588304
2451313
2836968
2632774
2536042
2783463
2528603
2642496
2398865
2317055
2554821
2304760
2306029
2349775
2340897
2236739
2213315
2304842
2551545
2418479
2241877
2431778
2903047
2483902
2375984
2176968
2463700
2293223
2593476
2639892
2603430
2643637
2241178
2522121
2681553
2575346
2635919
2627008
2352519
2934213
2564857
2134980
2293907
2367543
2301570
2507588
2455558
2438067
2858646
2578072
2847507
2387554
2496748
2685908
2378928
2169864
2345497
2593086
2340825
2569722
2441899
2176277
2126734
2522026
2215458
2457328
2489604
2836595
2509089
2801213
2097285
2135374
2364604
2505904
2320323
2248508
2636489
2574132
2490372
2253300
2421221
2218277
2331452
2531877
2682924
2227271

real	0m0.305s
user	0m0.274s
sys	0m0.026s
2596453
2544331
2300180
2552596
2406026
2471773
2635830
2435173
2635932
2311371
2403322
2488602
2746685
2780930
2675746
2588304
2451313
2836968
2632774
2536042
2783463
2528603
2642496
2398865
2317055
2554821
2304760
2306029
2349775
2340897
2236739
2213315
2304842
2551545
2418479
2241877
2431778
2903047
2483902
2375984
2176968
2463700
2293223
2593476
2639892
2603430
2643637
2241178
2522121
2681553
2575346
2635919
2627008
2352519
2934213
2564857
2134980
2293907
2367543
2301570
2507588
2455558
2438067
2858646
2578072
2847507
2387554
2496748
2685908
2378928
2169864
2345497
2593086
2340825
2569722
2441899
2176277
2126734
2522026
2215458
2457328
2489604
2836595
2509089
2801213
2097285
2135374
2364604
2505904
2320323
2248508
2636489
2574132
2490372
2253300
2421221
2218277
2331452
2531877
2682924
2227271

real	0m0.306s
user	0m0.273s
sys	0m0.029s
2596453
2544331
2300180
2552596
2406026
2471773
2635830
2435173
2635932
2311371
2403322
2488602
2746685
2780930
2675746
2588304
2451313
2836968
2632774
2536042
2783463
2528603
2642496
2398865
2317055
2554821
2304760
2306029
2349775
2340897
2236739
2213315
2304842
2551545
2418479
2241877
2431778
2903047
2483902
2375984
2176968
2463700
2293223
2593476
2639892
2603430
2643637
2241178
2522121
2681553
2575346
2635919
2627008
2352519
2934213
2564857
2134980
2293907
2367543
2301570
2507588
2455558
2438067
2858646
2578072
2847507
2387554
2496748
2685908
2378928
2169864
2345497
2593086
2340825
2569722
2441899
2176277
2126734
2522026
2215458
2457328
2489604
2836595
2509089
2801213
2097285
2135374
2364604
2505904
2320323
2248508
2636489
2574132
2490372
2253300
2421221
2218277
2331452
2531877
2682924
2227271

real	0m0.305s
user	0m0.280s
sys	0m0.020s
2596453
2544331
2300180
2552596
2406026
2471773
2635830
2435173
2635932
2311371
2403322
2488602
2746685
2780930
2675746
2588304
2451313
2836968
2632774
2536042
2783463
2528603
2642496
2398865
2317055
2554821
2304760
2306029
2349775
2340897
2236739
2213315
2304842
2551545
2418479
2241877
2431778
2903047
2483902
2375984
2176968
2463700
2293223
2593476
2639892
2603430
2643637
2241178
2522121
2681553
2575346
2635919
2627008
2352519
2934213
2564857
2134980
2293907
2367543
2301570
2507588
2455558
2438067
2858646
2578072
2847507
2387554
2496748
2685908
2378928
2169864
2345497
2593086
2340825
2569722
2441899
2176277
2126734
2522026
2215458
2457328
2489604
2836595
2509089
2801213
2097285
2135374
2364604
2505904
2320323
2248508
2636489
2574132
2490372
2253300
2421221
2218277
2331452
2531877
2682924
2227271

real	0m0.802s
user	0m0.277s
sys	0m0.026s
1M
5315200
5186800
4677250
5199750
4913650
5045600
5355650
4974350
5364200
4719250
4921700
5072050
5604500
5661200
5454200
5258800
5020200
5789250
5361950
5190700
5679200
5154350
5396650
4882650
4727600
5194100
4701250
4706850
4790250
4776150
4563450
4498400
4694650
5194050
4925450
4572050
4968850
5904250
5064550
4858050
4447550
5017400
4691000
5284050
5390850
5298500
5384600
4581800
5133150
5467900
5231400
5361450
5358550
4808200
5992550
5237550
4360450
4675700
4831100
4707550
5099650
5004300
4976350
5826600
5254700
5796550
4881250
5088250
5480700
4861300
4426600
4777800
5282700
4781100
5243350
4997700
4442300
4344950
5130150
4507300
4995800
5076050
5776850
5105100
5709500
4270000
4353000
4825550
5116400
4731350
4601800
5374600
5250050
5062000
4595400
4939600
4521850
4758700
5160150
5467450
4546400

real	0m0.665s
user	0m0.613s
sys	0m0.041s
5315200
5186800
4677250
5199750
4913650
5045600
5355650
4974350
5364200
4719250
4921700
5072050
5604500
5661200
5454200
5258800
5020200
5789250
5361950
5190700
5679200
5154350
5396650
4882650
4727600
5194100
4701250
4706850
4790250
4776150
4563450
4498400
4694650
5194050
4925450
4572050
4968850
5904250
5064550
4858050
4447550
5017400
4691000
5284050
5390850
5298500
5384600
4581800
5133150
5467900
5231400
5361450
5358550
4808200
5992550
5237550
4360450
4675700
4831100
4707550
5099650
5004300
4976350
5826600
5254700
5796550
4881250
5088250
5480700
4861300
4426600
4777800
5282700
4781100
5243350
4997700
4442300
4344950
5130150
4507300
4995800
5076050
5776850
5105100
5709500
4270000
4353000
4825550
5116400
4731350
4601800
5374600
5250050
5062000
4595400
4939600
4521850
4758700
5160150
5467450
4546400

real	0m0.657s
user	0m0.600s
sys	0m0.039s
5315200
5186800
4677250
5199750
4913650
5045600
5355650
4974350
5364200
4719250
4921700
5072050
5604500
5661200
5454200
5258800
5020200
5789250
5361950
5190700
5679200
5154350
5396650
4882650
4727600
5194100
4701250
4706850
4790250
4776150
4563450
4498400
4694650
5194050
4925450
4572050
4968850
5904250
5064550
4858050
4447550
5017400
4691000
5284050
5390850
5298500
5384600
4581800
5133150
5467900
5231400
5361450
5358550
4808200
5992550
5237550
4360450
4675700
4831100
4707550
5099650
5004300
4976350
5826600
5254700
5796550
4881250
5088250
5480700
4861300
4426600
4777800
5282700
4781100
5243350
4997700
4442300
4344950
5130150
4507300
4995800
5076050
5776850
5105100
5709500
4270000
4353000
4825550
5116400
4731350
4601800
5374600
5250050
5062000
4595400
4939600
4521850
4758700
5160150
5467450
4546400

real	0m0.652s
user	0m0.606s
sys	0m0.035s
5315200
5186800
4677250
5199750
4913650
5045600
5355650
4974350
5364200
4719250
4921700
5072050
5604500
5661200
5454200
5258800
5020200
5789250
5361950
5190700
5679200
5154350
5396650
4882650
4727600
5194100
4701250
4706850
4790250
4776150
4563450
4498400
4694650
5194050
4925450
4572050
4968850
5904250
5064550
4858050
4447550
5017400
4691000
5284050
5390850
5298500
5384600
4581800
5133150
5467900
5231400
5361450
5358550
4808200
5992550
5237550
4360450
4675700
4831100
4707550
5099650
5004300
4976350
5826600
5254700
5796550
4881250
5088250
5480700
4861300
4426600
4777800
5282700
4781100
5243350
4997700
4442300
4344950
5130150
4507300
4995800
5076050
5776850
5105100
5709500
4270000
4353000
4825550
5116400
4731350
4601800
5374600
5250050
5062000
4595400
4939600
4521850
4758700
5160150
5467450
4546400

real	0m0.673s
user	0m0.619s
sys	0m0.036s
5315200
5186800
4677250
5199750
4913650
5045600
5355650
4974350
5364200
4719250
4921700
5072050
5604500
5661200
5454200
5258800
5020200
5789250
5361950
5190700
5679200
5154350
5396650
4882650
4727600
5194100
4701250
4706850
4790250
4776150
4563450
4498400
4694650
5194050
4925450
4572050
4968850
5904250
5064550
4858050
4447550
5017400
4691000
5284050
5390850
5298500
5384600
4581800
5133150
5467900
5231400
5361450
5358550
4808200
5992550
5237550
4360450
4675700
4831100
4707550
5099650
5004300
4976350
5826600
5254700
5796550
4881250
5088250
5480700
4861300
4426600
4777800
5282700
4781100
5243350
4997700
4442300
4344950
5130150
4507300
4995800
5076050
5776850
5105100
5709500
4270000
4353000
4825550
5116400
4731350
4601800
5374600
5250050
5062000
4595400
4939600
4521850
4758700
5160150
5467450
4546400

real	0m0.627s
user	0m0.580s
sys	0m0.040s
2 threads
250K
1293136
1262196
1146915
1273680
1202550
1235883
1314320
1213308
1317225
1152725
1199410
1242107
1371620
1384429
1336904
1287392
1221757
1418450
1314263
1268908
1392164
1261785
1314590
1197290
1155218
1273566
1148591
1150441
1175293
1169148
1116519
1107726
1151524
1273412
1209843
1122003
1214384
1445851
1243662
1187088
1086141
1229741
1149847
1295776
1322519
1302003
1323038
1116366
1257225
1340961
1282915
1317557
1313520
1168804
1465623
1279018
1064753
1138477
1182431
1150470
1251051
1225712
1217348
1426015
1289064
1415039
1194248
1248627
1341356
1187194
1078919
1170558
1295321
1171851
1279600
1218638
1088078
1060792
1256466
1102662
1225923
1242244
1409498
1259363
1394136
1044627
1064753
1185264
1256968
1157267
1123450
1310056
1280015
1234873
1120284
1210204
1106861
1165414
1261775
1342275
1112260
1293136
1262196
1146915
1273680
1202550
1235883
1314320
1213308
1317225
1152725
1199410
1242107
1371620
1384429
1336904
1287392
1221757
1418450
1314263
1268908
1392164
1261785
1314590
1197290
1155218
1273566
1148591
1150441
1175293
1169148
1116519
1107726
1151524
1273412
1209843
1122003
1214384
1445851
1243662
1187088
1086141
1229741
1149847
1295776
1322519
1302003
1323038
1116366
1257225
1340961
1282915
1317557
1313520
1168804
1465623
1279018
1064753
1138477
1182431
1150470
1251051
1225712
1217348
1426015
1289064
1415039
1194248
1248627
1341356
1187194
1078919
1170558
1295321
1171851
1279600
1218638
1088078
1060792
1256466
1102662
1225923
1242244
1409498
1259363
1394136
1044627
1064753
1185264
1256968
1157267
1123450
1310056
1280015
1234873
1120284
1210204
1106861
1165414
1261775
1342275
1112260

real	0m0.176s
user	0m0.282s
sys	0m0.027s
1293136
1262196
1146915
1273680
1202550
1235883
1314320
1213308
1317225
1152725
1199410
1242107
1371620
1384429
1336904
1287392
1221757
1418450
1314263
1268908
1392164
1261785
1314590
1197290
1155218
1273566
1148591
1150441
1175293
1169148
1116519
1107726
1151524
1273412
1209843
1122003
1214384
1445851
1243662
1187088
1086141
1229741
1149847
1295776
1322519
1302003
1323038
1116366
1257225
1340961
1282915
1317557
1313520
1168804
1465623
1279018
1064753
1138477
1182431
1150470
1251051
1225712
1217348
1426015
1289064
1415039
1194248
1248627
1341356
1187194
1078919
1170558
1295321
1171851
1279600
1218638
1088078
1060792
1256466
1102662
1225923
1242244
1409498
1259363
1394136
1044627
1064753
1185264
1256968
1157267
1123450
1310056
1280015
1234873
1120284
1210204
1106861
1165414
1261775
1342275
1112260
1293136
1262196
1146915
1273680
1202550
1235883
1314320
1213308
1317225
1152725
1199410
1242107
1371620
1384429
1336904
1287392
1221757
1418450
1314263
1268908
1392164
1261785
1314590
1197290
1155218
1273566
1148591
1150441
1175293
1169148
1116519
1107726
1151524
1273412
1209843
1122003
1214384
1445851
1243662
1187088
1086141
1229741
1149847
1295776
1322519
1302003
1323038
1116366
1257225
1340961
1282915
1317557
1313520
1168804
1465623
1279018
1064753
1138477
1182431
1150470
1251051
1225712
1217348
1426015
1289064
1415039
1194248
1248627
1341356
1187194
1078919
1170558
1295321
1171851
1279600
1218638
1088078
1060792
1256466
1102662
1225923
1242244
1409498
1259363
1394136
1044627
1064753
1185264
1256968
1157267
1123450
1310056
1280015
1234873
1120284
1210204
1106861
1165414
1261775
1342275
1112260

real	0m0.184s
user	0m0.284s
sys	0m0.033s
1293136
1262196
1146915
1273680
1202550
1235883
1314320
1213308
1317225
1152725
1199410
1242107
1371620
1384429
1336904
1287392
1221757
1418450
1314263
1268908
1392164
1261785
1314590
1197290
1155218
1273566
1148591
1150441
1175293
1169148
1116519
1107726
1151524
1273412
1209843
1122003
1214384
1445851
1243662
1187088
1086141
1229741
1149847
1295776
1322519
1302003
1323038
1116366
1257225
1340961
1282915
1317557
1313520
1168804
1465623
1279018
1064753
1138477
1182431
1150470
1251051
1225712
1217348
1426015
1289064
1415039
1194248
1248627
1341356
1187194
1078919
1170558
1295321
1171851
1279600
1218638
1088078
1060792
1256466
1102662
1225923
1242244
1409498
1259363
1394136
1044627
1064753
1185264
1256968
1157267
1123450
1310056
1280015
1234873
1120284
1210204
1106861
1165414
1261775
1342275
1112260
1293136
1262196
1146915
1273680
1202550
1235883
1314320
1213308
1317225
1152725
1199410
1242107
1371620
1384429
1336904
1287392
1221757
1418450
1314263
1268908
1392164
1261785
1314590
1197290
1155218
1273566
1148591
1150441
1175293
1169148
1116519
1107726
1151524
1273412
1209843
1122003
1214384
1445851
1243662
1187088
1086141
1229741
1149847
1295776
1322519
1302003
1323038
1116366
1257225
1340961
1282915
1317557
1313520
1168804
1465623
1279018
1064753
1138477
1182431
1150470
1251051
1225712
1217348
1426015
1289064
1415039
1194248
1248627
1341356
1187194
1078919
1170558
1295321
1171851
1279600
1218638
1088078
1060792
1256466
1102662
1225923
1242244
1409498
1259363
1394136
1044627
1064753
1185264
1256968
1157267
1123450
1310056
1280015
1234873
1120284
1210204
1106861
1165414
1261775
1342275
1112260

real	0m0.185s
user	0m0.299s
sys	0m0.028s
1293136
1262196
1146915
1273680
1202550
1235883
1314320
1213308
1317225
1152725
1199410
1242107
1371620
1384429
1336904
1287392
1221757
1418450
1314263
1268908
1392164
1261785
1314590
1197290
1155218
1273566
1148591
1150441
1175293
1169148
1116519
1107726
1151524
1273412
1209843
1122003
1214384
1445851
1243662
1187088
1086141
1229741
1149847
1295776
1322519
1302003
1323038
1116366
1257225
1340961
1282915
1317557
1313520
1168804
1465623
1279018
1064753
1138477
1182431
1150470
1251051
1225712
1217348
1426015
1289064
1415039
1194248
1248627
1341356
1187194
1078919
1170558
1295321
1171851
1279600
1218638
1088078
1060792
1256466
1102662
1225923
1242244
1409498
1259363
1394136
1044627
1064753
1185264
1256968
1157267
1123450
1310056
1280015
1234873
1120284
1210204
1106861
1165414
1261775
1342275
1112260
1293136
1262196
1146915
1273680
1202550
1235883
1314320
1213308
1317225
1152725
1199410
1242107
1371620
1384429
1336904
1287392
1221757
1418450
1314263
1268908
1392164
1261785
1314590
1197290
1155218
1273566
1148591
1150441
1175293
1169148
1116519
1107726
1151524
1273412
1209843
1122003
1214384
1445851
1243662
1187088
1086141
1229741
1149847
1295776
1322519
1302003
1323038
1116366
1257225
1340961
1282915
1317557
1313520
1168804
1465623
1279018
1064753
1138477
1182431
1150470
1251051
1225712
1217348
1426015
1289064
1415039
1194248
1248627
1341356
1187194
1078919
1170558
1295321
1171851
1279600
1218638
1088078
1060792
1256466
1102662
1225923
1242244
1409498
1259363
1394136
1044627
1064753
1185264
1256968
1157267
1123450
1310056
1280015
1234873
1120284
1210204
1106861
1165414
1261775
1342275
1112260

real	0m0.311s
user	0m0.288s
sys	0m0.023s
1293136
1262196
1146915
1273680
1202550
1235883
1314320
1213308
1317225
1152725
1199410
1242107
1371620
1384429
1336904
1287392
1221757
1418450
1314263
1268908
1392164
1261785
1314590
1197290
1155218
1273566
1148591
1150441
1175293
1169148
1116519
1107726
1151524
1273412
1209843
1122003
1214384
1445851
1243662
1187088
1086141
1229741
1149847
1295776
1322519
1302003
1323038
1116366
1257225
1340961
1282915
1317557
1313520
1168804
1465623
1279018
1064753
1138477
1182431
1150470
1251051
1225712
1217348
1426015
1289064
1415039
1194248
1248627
1341356
1187194
1078919
1170558
1295321
1171851
1279600
1218638
1088078
1060792
1256466
1102662
1225923
1242244
1409498
1259363
1394136
1044627
1064753
1185264
1256968
1157267
1123450
1310056
1280015
1234873
1120284
1210204
1106861
1165414
1261775
1342275
1112260
1293136
1262196
1146915
1273680
1202550
1235883
1314320
1213308
1317225
1152725
1199410
1242107
1371620
1384429
1336904
1287392
1221757
1418450
1314263
1268908
1392164
1261785
1314590
1197290
1155218
1273566
1148591
1150441
1175293
1169148
1116519
1107726
1151524
1273412
1209843
1122003
1214384
1445851
1243662
1187088
1086141
1229741
1149847
1295776
1322519
1302003
1323038
1116366
1257225
1340961
1282915
1317557
1313520
1168804
1465623
1279018
1064753
1138477
1182431
1150470
1251051
1225712
1217348
1426015
1289064
1415039
1194248
1248627
1341356
1187194
1078919
1170558
1295321
1171851
1279600
1218638
1088078
1060792
1256466
1102662
1225923
1242244
1409498
1259363
1394136
1044627
1064753
1185264
1256968
1157267
1123450
1310056
1280015
1234873
1120284
1210204
1106861
1165414
1261775
1342275
1112260

real	0m0.178s
user	0m0.279s
sys	0m0.030s
500K
2596453
2544331
2300180
2552596
2406026
2471773
2635830
2435173
2635932
2311371
2403322
2488602
2746685
2780930
2675746
2588304
2451313
2836968
2632774
2536042
2783463
2528603
2642496
2398865
2317055
2554821
2304760
2306029
2349775
2340897
2236739
2213315
2304842
2551545
2418479
2241877
2431778
2903047
2483902
2375984
2176968
2463700
2293223
2593476
2639892
2603430
2643637
2241178
2522121
2681553
2575346
2635919
2627008
2352519
2934213
2564857
2134980
2293907
2367543
2301570
2507588
2455558
2438067
2858646
2578072
2847507
2387554
2496748
2685908
2378928
2169864
2345497
2593086
2340825
2569722
2441899
2176277
2126734
2522026
2215458
2457328
2489604
2836595
2509089
2801213
2097285
2135374
2364604
2505904
2320323
2248508
2636489
2574132
2490372
2253300
2421221
2218277
2331452
2531877
2682924
2227271
2596453
2544331
2300180
2552596
2406026
2471773
2635830
2435173
2635932
2311371
2403322
2488602
2746685
2780930
2675746
2588304
2451313
2836968
2632774
2536042
2783463
2528603
2642496
2398865
2317055
2554821
2304760
2306029
2349775
2340897
2236739
2213315
2304842
2551545
2418479
2241877
2431778
2903047
2483902
2375984
2176968
2463700
2293223
2593476
2639892
2603430
2643637
2241178
2522121
2681553
2575346
2635919
2627008
2352519
2934213
2564857
2134980
2293907
2367543
2301570
2507588
2455558
2438067
2858646
2578072
2847507
2387554
2496748
2685908
2378928
2169864
2345497
2593086
2340825
2569722
2441899
2176277
2126734
2522026
2215458
2457328
2489604
2836595
2509089
2801213
2097285
2135374
2364604
2505904
2320323
2248508
2636489
2574132
2490372
2253300
2421221
2218277
2331452
2531877
2682924
2227271

real	0m0.356s
user	0m0.609s
sys	0m0.045s
2596453
2544331
2300180
2552596
2406026
2471773
2635830
2435173
2635932
2311371
2403322
2488602
2746685
2780930
2675746
2588304
2451313
2836968
2632774
2536042
2783463
2528603
2642496
2398865
2317055
2554821
2304760
2306029
2349775
2340897
2236739
2213315
2304842
2551545
2418479
2241877
2431778
2903047
2483902
2375984
2176968
2463700
2293223
2593476
2639892
2603430
2643637
2241178
2522121
2681553
2575346
2635919
2627008
2352519
2934213
2564857
2134980
2293907
2367543
2301570
2507588
2455558
2438067
2858646
2578072
2847507
2387554
2496748
2685908
2378928
2169864
2345497
2593086
2340825
2569722
2441899
2176277
2126734
2522026
2215458
2457328
2489604
2836595
2509089
2801213
2097285
2135374
2364604
2505904
2320323
2248508
2636489
2574132
2490372
2253300
2421221
2218277
2331452
2531877
2682924
2227271
2596453
2544331
2300180
2552596
2406026
2471773
2635830
2435173
2635932
2311371
2403322
2488602
2746685
2780930
2675746
2588304
2451313
2836968
2632774
2536042
2783463
2528603
2642496
2398865
2317055
2554821
2304760
2306029
2349775
2340897
2236739
2213315
2304842
2551545
2418479
2241877
2431778
2903047
2483902
2375984
2176968
2463700
2293223
2593476
2639892
2603430
2643637
2241178
2522121
2681553
2575346
2635919
2627008
2352519
2934213
2564857
2134980
2293907
2367543
2301570
2507588
2455558
2438067
2858646
2578072
2847507
2387554
2496748
2685908
2378928
2169864
2345497
2593086
2340825
2569722
2441899
2176277
2126734
2522026
2215458
2457328
2489604
2836595
2509089
2801213
2097285
2135374
2364604
2505904
2320323
2248508
2636489
2574132
2490372
2253300
2421221
2218277
2331452
2531877
2682924
2227271

real	0m0.339s
user	0m0.593s
sys	0m0.033s
2596453
2544331
2300180
2552596
2406026
2471773
2635830
2435173
2635932
2311371
2403322
2488602
2746685
2780930
2675746
2588304
2451313
2836968
2632774
2536042
2783463
2528603
2642496
2398865
2317055
2554821
2304760
2306029
2349775
2340897
2236739
2213315
2304842
2551545
2418479
2241877
2431778
2903047
2483902
2375984
2176968
2463700
2293223
2593476
2639892
2603430
2643637
2241178
2522121
2681553
2575346
2635919
2627008
2352519
2934213
2564857
2134980
2293907
2367543
2301570
2507588
2455558
2438067
2858646
2578072
2847507
2387554
2496748
2685908
2378928
2169864
2345497
2593086
2340825
2569722
2441899
2176277
2126734
2522026
2215458
2457328
2489604
2836595
2509089
2801213
2097285
2135374
2364604
2505904
2320323
2248508
2636489
2574132
2490372
2253300
2421221
2218277
2331452
2531877
2682924
2227271
2596453
2544331
2300180
2552596
2406026
2471773
2635830
2435173
2635932
2311371
2403322
2488602
2746685
2780930
2675746
2588304
2451313
2836968
2632774
2536042
2783463
2528603
2642496
2398865
2317055
2554821
2304760
2306029
2349775
2340897
2236739
2213315
2304842
2551545
2418479
2241877
2431778
2903047
2483902
2375984
2176968
2463700
2293223
2593476
2639892
2603430
2643637
2241178
2522121
2681553
2575346
2635919
2627008
2352519
2934213
2564857
2134980
2293907
2367543
2301570
2507588
2455558
2438067
2858646
2578072
2847507
2387554
2496748
2685908
2378928
2169864
2345497
2593086
2340825
2569722
2441899
2176277
2126734
2522026
2215458
2457328
2489604
2836595
2509089
2801213
2097285
2135374
2364604
2505904
2320323
2248508
2636489
2574132
2490372
2253300
2421221
2218277
2331452
2531877
2682924
2227271

real	0m0.358s
user	0m0.594s
sys	0m0.047s
2596453
2544331
2300180
2552596
2406026
2471773
2635830
2435173
2635932
2311371
2403322
2488602
2746685
2780930
2675746
2588304
2451313
2836968
2632774
2536042
2783463
2528603
2642496
2398865
2317055
2554821
2304760
2306029
2349775
2340897
2236739
2213315
2304842
2551545
2418479
2241877
2431778
2903047
2483902
2375984
2176968
2463700
2293223
2593476
2639892
2603430
2643637
2241178
2522121
2681553
2575346
2635919
2627008
2352519
2934213
2564857
2134980
2293907
2367543
2301570
2507588
2455558
2438067
2858646
2578072
2847507
2387554
2496748
2685908
2378928
2169864
2345497
2593086
2340825
2569722
2441899
2176277
2126734
2522026
2215458
2457328
2489604
2836595
2509089
2801213
2097285
2135374
2364604
2505904
2320323
2248508
2636489
2574132
2490372
2253300
2421221
2218277
2331452
2531877
2682924
2227271
2596453
2544331
2300180
2552596
2406026
2471773
2635830
2435173
2635932
2311371
2403322
2488602
2746685
2780930
2675746
2588304
2451313
2836968
2632774
2536042
2783463
2528603
2642496
2398865
2317055
2554821
2304760
2306029
2349775
2340897
2236739
2213315
2304842
2551545
2418479
2241877
2431778
2903047
2483902
2375984
2176968
2463700
2293223
2593476
2639892
2603430
2643637
2241178
2522121
2681553
2575346
2635919
2627008
2352519
2934213
2564857
2134980
2293907
2367543
2301570
2507588
2455558
2438067
2858646
2578072
2847507
2387554
2496748
2685908
2378928
2169864
2345497
2593086
2340825
2569722
2441899
2176277
2126734
2522026
2215458
2457328
2489604
2836595
2509089
2801213
2097285
2135374
2364604
2505904
2320323
2248508
2636489
2574132
2490372
2253300
2421221
2218277
2331452
2531877
2682924
2227271

real	0m0.349s
user	0m0.612s
sys	0m0.031s
2596453
2544331
2300180
2552596
2406026
2471773
2635830
2435173
2635932
2311371
2403322
2488602
2746685
2780930
2675746
2588304
2451313
2836968
2632774
2536042
2783463
2528603
2642496
2398865
2317055
2554821
2304760
2306029
2349775
2340897
2236739
2213315
2304842
2551545
2418479
2241877
2431778
2903047
2483902
2375984
2176968
2463700
2293223
2593476
2639892
2603430
2643637
2241178
2522121
2681553
2575346
2635919
2627008
2352519
2934213
2564857
2134980
2293907
2367543
2301570
2507588
2455558
2438067
2858646
2578072
2847507
2387554
2496748
2685908
2378928
2169864
2345497
2593086
2340825
2569722
2441899
2176277
2126734
2522026
2215458
2457328
2489604
2836595
2509089
2801213
2097285
2135374
2364604
2505904
2320323
2248508
2636489
2574132
2490372
2253300
2421221
2218277
2331452
2531877
2682924
2227271
2596453
2544331
2300180
2552596
2406026
2471773
2635830
2435173
2635932
2311371
2403322
2488602
2746685
2780930
2675746
2588304
2451313
2836968
2632774
2536042
2783463
2528603
2642496
2398865
2317055
2554821
2304760
2306029
2349775
2340897
2236739
2213315
2304842
2551545
2418479
2241877
2431778
2903047
2483902
2375984
2176968
2463700
2293223
2593476
2639892
2603430
2643637
2241178
2522121
2681553
2575346
2635919
2627008
2352519
2934213
2564857
2134980
2293907
2367543
2301570
2507588
2455558
2438067
2858646
2578072
2847507
2387554
2496748
2685908
2378928
2169864
2345497
2593086
2340825
2569722
2441899
2176277
2126734
2522026
2215458
2457328
2489604
2836595
2509089
2801213
2097285
2135374
2364604
2505904
2320323
2248508
2636489
2574132
2490372
2253300
2421221
2218277
2331452
2531877
2682924
2227271

real	0m0.338s
user	0m0.578s
sys	0m0.049s
1M
5315200
5186800
4677250
5199750
4913650
5045600
5355650
4974350
5364200
4719250
4921700
5072050
5604500
5661200
5454200
5258800
5020200
5789250
5361950
5190700
5679200
5154350
5396650
4882650
4727600
5194100
4701250
4706850
4790250
4776150
4563450
4498400
4694650
5194050
4925450
4572050
4968850
5904250
5064550
4858050
4447550
5017400
4691000
5284050
5390850
5298500
5384600
4581800
5133150
5467900
5231400
5361450
5358550
4808200
5992550
5237550
4360450
4675700
4831100
4707550
5099650
5004300
4976350
5826600
5254700
5796550
4881250
5088250
5480700
4861300
4426600
4777800
5282700
4781100
5243350
4997700
4442300
4344950
5130150
4507300
4995800
5076050
5776850
5105100
5709500
4270000
4353000
4825550
5116400
4731350
4601800
5374600
5250050
5062000
4595400
4939600
4521850
4758700
5160150
5467450
4546400
5315200
5186800
4677250
5199750
4913650
5045600
5355650
4974350
5364200
4719250
4921700
5072050
5604500
5661200
5454200
5258800
5020200
5789250
5361950
5190700
5679200
5154350
5396650
4882650
4727600
5194100
4701250
4706850
4790250
4776150
4563450
4498400
4694650
5194050
4925450
4572050
4968850
5904250
5064550
4858050
4447550
5017400
4691000
5284050
5390850
5298500
5384600
4581800
5133150
5467900
5231400
5361450
5358550
4808200
5992550
5237550
4360450
4675700
4831100
4707550
5099650
5004300
4976350
5826600
5254700
5796550
4881250
5088250
5480700
4861300
4426600
4777800
5282700
4781100
5243350
4997700
4442300
4344950
5130150
4507300
4995800
5076050
5776850
5105100
5709500
4270000
4353000
4825550
5116400
4731350
4601800
5374600
5250050
5062000
4595400
4939600
4521850
4758700
5160150
5467450
4546400

real	0m0.697s
user	0m1.245s
sys	0m0.069s
5315200
5186800
4677250
5199750
4913650
5045600
5355650
4974350
5364200
4719250
4921700
5072050
5604500
5661200
5454200
5258800
5020200
5789250
5361950
5190700
5679200
5154350
5396650
4882650
4727600
5194100
4701250
4706850
4790250
4776150
4563450
4498400
4694650
5194050
4925450
4572050
4968850
5904250
5064550
4858050
4447550
5017400
4691000
5284050
5390850
5298500
5384600
4581800
5133150
5467900
5231400
5361450
5358550
4808200
5992550
5237550
4360450
4675700
4831100
4707550
5099650
5004300
4976350
5826600
5254700
5796550
4881250
5088250
5480700
4861300
4426600
4777800
5282700
4781100
5243350
4997700
4442300
4344950
5130150
4507300
4995800
5076050
5776850
5105100
5709500
4270000
4353000
4825550
5116400
4731350
4601800
5374600
5250050
5062000
4595400
4939600
4521850
4758700
5160150
5467450
4546400
5315200
5186800
4677250
5199750
4913650
5045600
5355650
4974350
5364200
4719250
4921700
5072050
5604500
5661200
5454200
5258800
5020200
5789250
5361950
5190700
5679200
5154350
5396650
4882650
4727600
5194100
4701250
4706850
4790250
4776150
4563450
4498400
4694650
5194050
4925450
4572050
4968850
5904250
5064550
4858050
4447550
5017400
4691000
5284050
5390850
5298500
5384600
4581800
5133150
5467900
5231400
5361450
5358550
4808200
5992550
5237550
4360450
4675700
4831100
4707550
5099650
5004300
4976350
5826600
5254700
5796550
4881250
5088250
5480700
4861300
4426600
4777800
5282700
4781100
5243350
4997700
4442300
4344950
5130150
4507300
4995800
5076050
5776850
5105100
5709500
4270000
4353000
4825550
5116400
4731350
4601800
5374600
5250050
5062000
4595400
4939600
4521850
4758700
5160150
5467450
4546400

real	0m0.675s
user	0m1.219s
sys	0m0.060s
5315200
5186800
4677250
5199750
4913650
5045600
5355650
4974350
5364200
4719250
4921700
5072050
5604500
5661200
5454200
5258800
5020200
5789250
5361950
5190700
5679200
5154350
5396650
4882650
4727600
5194100
4701250
4706850
4790250
4776150
4563450
4498400
4694650
5194050
4925450
4572050
4968850
5904250
5064550
4858050
4447550
5017400
4691000
5284050
5390850
5298500
5384600
4581800
5133150
5467900
5231400
5361450
5358550
4808200
5992550
5237550
4360450
4675700
4831100
4707550
5099650
5004300
4976350
5826600
5254700
5796550
4881250
5088250
5480700
4861300
4426600
4777800
5282700
4781100
5243350
4997700
4442300
4344950
5130150
4507300
4995800
5076050
5776850
5105100
5709500
4270000
4353000
4825550
5116400
4731350
4601800
5374600
5250050
5062000
4595400
4939600
4521850
4758700
5160150
5467450
4546400
5315200
5186800
4677250
5199750
4913650
5045600
5355650
4974350
5364200
4719250
4921700
5072050
5604500
5661200
5454200
5258800
5020200
5789250
5361950
5190700
5679200
5154350
5396650
4882650
4727600
5194100
4701250
4706850
4790250
4776150
4563450
4498400
4694650
5194050
4925450
4572050
4968850
5904250
5064550
4858050
4447550
5017400
4691000
5284050
5390850
5298500
5384600
4581800
5133150
5467900
5231400
5361450
5358550
4808200
5992550
5237550
4360450
4675700
4831100
4707550
5099650
5004300
4976350
5826600
5254700
5796550
4881250
5088250
5480700
4861300
4426600
4777800
5282700
4781100
5243350
4997700
4442300
4344950
5130150
4507300
4995800
5076050
5776850
5105100
5709500
4270000
4353000
4825550
5116400
4731350
4601800
5374600
5250050
5062000
4595400
4939600
4521850
4758700
5160150
5467450
4546400

real	0m0.671s
user	0m1.222s
sys	0m0.060s
5315200
5186800
4677250
5199750
4913650
5045600
5355650
4974350
5364200
4719250
4921700
5072050
5604500
5661200
5454200
5258800
5020200
5789250
5361950
5190700
5679200
5154350
5396650
4882650
4727600
5194100
4701250
4706850
4790250
4776150
4563450
4498400
4694650
5194050
4925450
4572050
4968850
5904250
5064550
4858050
4447550
5017400
4691000
5284050
5390850
5298500
5384600
4581800
5133150
5467900
5231400
5361450
5358550
4808200
5992550
5237550
4360450
4675700
4831100
4707550
5099650
5004300
4976350
5826600
5254700
5796550
4881250
5088250
5480700
4861300
4426600
4777800
5282700
4781100
5243350
4997700
4442300
4344950
5130150
4507300
4995800
5076050
5776850
5105100
5709500
4270000
4353000
4825550
5116400
4731350
4601800
5374600
5250050
5062000
4595400
4939600
4521850
4758700
5160150
5467450
4546400
5315200
5186800
4677250
5199750
4913650
5045600
5355650
4974350
5364200
4719250
4921700
5072050
5604500
5661200
5454200
5258800
5020200
5789250
5361950
5190700
5679200
5154350
5396650
4882650
4727600
5194100
4701250
4706850
4790250
4776150
4563450
4498400
4694650
5194050
4925450
4572050
4968850
5904250
5064550
4858050
4447550
5017400
4691000
5284050
5390850
5298500
5384600
4581800
5133150
5467900
5231400
5361450
5358550
4808200
5992550
5237550
4360450
4675700
4831100
4707550
5099650
5004300
4976350
5826600
5254700
5796550
4881250
5088250
5480700
4861300
4426600
4777800
5282700
4781100
5243350
4997700
4442300
4344950
5130150
4507300
4995800
5076050
5776850
5105100
5709500
4270000
4353000
4825550
5116400
4731350
4601800
5374600
5250050
5062000
4595400
4939600
4521850
4758700
5160150
5467450
4546400

real	0m1.188s
user	0m1.237s
sys	0m0.066s
5315200
5186800
4677250
5199750
4913650
5045600
5355650
4974350
5364200
4719250
4921700
5072050
5604500
5661200
5454200
5258800
5020200
5789250
5361950
5190700
5679200
5154350
5396650
4882650
4727600
5194100
4701250
4706850
4790250
4776150
4563450
4498400
4694650
5194050
4925450
4572050
4968850
5904250
5064550
4858050
4447550
5017400
4691000
5284050
5390850
5298500
5384600
4581800
5133150
5467900
5231400
5361450
5358550
4808200
5992550
5237550
4360450
4675700
4831100
4707550
5099650
5004300
4976350
5826600
5254700
5796550
4881250
5088250
5480700
4861300
4426600
4777800
5282700
4781100
5243350
4997700
4442300
4344950
5130150
4507300
4995800
5076050
5776850
5105100
5709500
4270000
4353000
4825550
5116400
4731350
4601800
5374600
5250050
5062000
4595400
4939600
4521850
4758700
5160150
5467450
4546400
5315200
5186800
4677250
5199750
4913650
5045600
5355650
4974350
5364200
4719250
4921700
5072050
5604500
5661200
5454200
5258800
5020200
5789250
5361950
5190700
5679200
5154350
5396650
4882650
4727600
5194100
4701250
4706850
4790250
4776150
4563450
4498400
4694650
5194050
4925450
4572050
4968850
5904250
5064550
4858050
4447550
5017400
4691000
5284050
5390850
5298500
5384600
4581800
5133150
5467900
5231400
5361450
5358550
4808200
5992550
5237550
4360450
4675700
4831100
4707550
5099650
5004300
4976350
5826600
5254700
5796550
4881250
5088250
5480700
4861300
4426600
4777800
5282700
4781100
5243350
4997700
4442300
4344950
5130150
4507300
4995800
5076050
5776850
5105100
5709500
4270000
4353000
4825550
5116400
4731350
4601800
5374600
5250050
5062000
4595400
4939600
4521850
4758700
5160150
5467450
4546400

real	0m0.682s
user	0m1.238s
sys	0m0.063s
4 threads
250K
1293136
1262196
1146915
1273680
1202550
1235883
1314320
1213308
1317225
1152725
1199410
1242107
1371620
1384429
1336904
1287392
1221757
1418450
1314263
1268908
1392164
1261785
1314590
1197290
1155218
1273566
1148591
1150441
1175293
1169148
1116519
1107726
1151524
1273412
1209843
1122003
1214384
1445851
1243662
1187088
1086141
1229741
1149847
1295776
1322519
1302003
1323038
1116366
1257225
1340961
1282915
1317557
1313520
1168804
1465623
1279018
1064753
1138477
1182431
1150470
1251051
1225712
1217348
1426015
1289064
1415039
1194248
1248627
1341356
1187194
1078919
1170558
1295321
1171851
1279600
1218638
1088078
1060792
1256466
1102662
1225923
1242244
1409498
1259363
1394136
1044627
1064753
1185264
1256968
1157267
1123450
1310056
1280015
1234873
1120284
1210204
1106861
1165414
1261775
1342275
1112260
1293136
1262196
1146915
1273680
1202550
1235883
1314320
1213308
1317225
1152725
1199410
1242107
1371620
1384429
1336904
1287392
1221757
1418450
1314263
1268908
1392164
1261785
1314590
1197290
1155218
1273566
1148591
1150441
1175293
1169148
1116519
1107726
1151524
1273412
1209843
1122003
1214384
1445851
1243662
1187088
1086141
1229741
1149847
1295776
1322519
1302003
1323038
1116366
1257225
1340961
1282915
1317557
1313520
1168804
1465623
1279018
1064753
1138477
1182431
1150470
1251051
1225712
1217348
1426015
1289064
1415039
1194248
1248627
1341356
1187194
1078919
1170558
1295321
1171851
1279600
1218638
1088078
1060792
1293136
1262196
1146915
1273680
1202550
1235883
1314320
1213308
1317225
1152725
1199410
1242107
1371620
1384429
1336904
1287392
1221757
1418450
1314263
1268908
1392164
1261785
1314590
1197290
1155218
1273566
1148591
1150441
1175293
1169148
1116519
1107726
1151524
1273412
1209843
1122003
1214384
1445851
1243662
1187088
1086141
1229741
1149847
1295776
1322519
1302003
1323038
1116366
1257225
1340961
1282915
1317557
1313520
1168804
1465623
1279018
1064753
1138477
1182431
1150470
1251051
1225712
1217348
1426015
1289064
1415039
1194248
1248627
1341356
1187194
1078919
1170558
1295321
1171851
1279600
1218638
1088078
1060792
1256466
1102662
1225923
1242244
1409498
1259363
1394136
1044627
1064753
1185264
1256968
1157267
1123450
1310056
1280015
1234873
1120284
1210204
1106861
1165414
1261775
1342275
1112260
1256466
1102662
1225923
1293136
1262196
1146915
1273680
1202550
1235883
1314320
1213308
1317225
1152725
1199410
1242107
1371620
1384429
1336904
1287392
1221757
1418450
1314263
1268908
1392164
1261785
1314590
1197290
1155218
1273566
1148591
1150441
1175293
1169148
1116519
1107726
1151524
1273412
1209843
1122003
1214384
1445851
1243662
1187088
1086141
1229741
1149847
1295776
1322519
1302003
1323038
1116366
1257225
1340961
1282915
1317557
1313520
1168804
1465623
1279018
1064753
1138477
1182431
1150470
1251051
1225712
1217348
1426015
1289064
1415039
1194248
1248627
1341356
1187194
1078919
1170558
1295321
1171851
1279600
1218638
1088078
1060792
1256466
1102662
1225923
1242244
1409498
1259363
1394136
1044627
1064753
1185264
1256968
1157267
1123450
1310056
1280015
1234873
1120284
1210204
1106861
1165414
1261775
1342275
1112260
1242244
1409498
1259363
1394136
1044627
1064753
1185264
1256968
1157267
1123450
1310056
1280015
1234873
1120284
1210204
1106861
1165414
1261775
1342275
1112260

real	0m0.204s
user	0m0.634s
sys	0m0.042s
1293136
1262196
1146915
1273680
1202550
1235883
1314320
1213308
1317225
1152725
1199410
1242107
1371620
1384429
1336904
1287392
1221757
1418450
1314263
1268908
1392164
1261785
1314590
1197290
1155218
1273566
1148591
1150441
1175293
1169148
1116519
1107726
1151524
1273412
1209843
1122003
1214384
1445851
1243662
1187088
1086141
1229741
1149847
1295776
1322519
1302003
1323038
1116366
1257225
1340961
1282915
1317557
1313520
1168804
1465623
1279018
1064753
1138477
1182431
1150470
1251051
1225712
1217348
1426015
1289064
1415039
1194248
1248627
1341356
1187194
1078919
1170558
1295321
1171851
1279600
1218638
1088078
1060792
1256466
1102662
1225923
1242244
1409498
1259363
1394136
1044627
1064753
1185264
1256968
1157267
1123450
1310056
1280015
1234873
1120284
1210204
1106861
1165414
1261775
1342275
1112260
1293136
1262196
1146915
1273680
1202550
1235883
1314320
1213308
1317225
1152725
1199410
1242107
1371620
1384429
1336904
1287392
1221757
1418450
1314263
1268908
1392164
1261785
1314590
1197290
1155218
1273566
1148591
1150441
1175293
1169148
1116519
1107726
1151524
1273412
1209843
1122003
1214384
1445851
1243662
1187088
1086141
1229741
1149847
1295776
1322519
1302003
1323038
1116366
1257225
1340961
1282915
1317557
1313520
1168804
1465623
1279018
1064753
1138477
1182431
1150470
1251051
1225712
1217348
1426015
1289064
1415039
1194248
1248627
1341356
1187194
1078919
1170558
1295321
1171851
1279600
1218638
1088078
1060792
1256466
1102662
1225923
1242244
1409498
1259363
1394136
1044627
1064753
1185264
1256968
1157267
1123450
1310056
1280015
1234873
1120284
1210204
1106861
1165414
1261775
1342275
1112260
1293136
1262196
1146915
1273680
1202550
1235883
1314320
1213308
1317225
1152725
1199410
1242107
1371620
1384429
1336904
1287392
1221757
1418450
1314263
1268908
1392164
1261785
1314590
1197290
1155218
1273566
1148591
1150441
1175293
1169148
1116519
1107726
1151524
1273412
1209843
1122003
1214384
1445851
1243662
1187088
1086141
1229741
1149847
1295776
1322519
1302003
1323038
1116366
1257225
1340961
1282915
1317557
1313520
1168804
1465623
1279018
1064753
1138477
1182431
1150470
1251051
1225712
1217348
1426015
1289064
1415039
1194248
1248627
1341356
1187194
1078919
1170558
1295321
1171851
1279600
1218638
1088078
1060792
1256466
1102662
1225923
1242244
1409498
1259363
1394136
1044627
1064753
1185264
1256968
1157267
1123450
1310056
1280015
1234873
1120284
1210204
1106861
1165414
1261775
1342275
1112260
1293136
1262196
1146915
1273680
1202550
1235883
1314320
1213308
1317225
1152725
1199410
1242107
1371620
1384429
1336904
1287392
1221757
1418450
1314263
1268908
1392164
1261785
1314590
1197290
1155218
1273566
1148591
1150441
1175293
1169148
1116519
1107726
1151524
1273412
1209843
1122003
1214384
1445851
1243662
1187088
1086141
1229741
1149847
1295776
1322519
1302003
1323038
1116366
1257225
1340961
1282915
1317557
1313520
1168804
1465623
1279018
1064753
1138477
1182431
1150470
1251051
1225712
1217348
1426015
1289064
1415039
1194248
1248627
1341356
1187194
1078919
1170558
1295321
1171851
1279600
1218638
1088078
1060792
1256466
1102662
1225923
1242244
1409498
1259363
1394136
1044627
1064753
1185264
1256968
1157267
1123450
1310056
1280015
1234873
1120284
1210204
1106861
1165414
1261775
1342275
1112260

real	0m0.201s
user	0m0.623s
sys	0m0.038s
1293136
1262196
1146915
1273680
1202550
1235883
1314320
1213308
1317225
1152725
1199410
1242107
1371620
1384429
1336904
1287392
1221757
1418450
1314263
1268908
1392164
1261785
1314590
1197290
1155218
1273566
1148591
1150441
1175293
1169148
1116519
1107726
1151524
1273412
1209843
1122003
1214384
1445851
1243662
1187088
1086141
1229741
1149847
1295776
1322519
1302003
1323038
1116366
1257225
1340961
1282915
1317557
1313520
1168804
1465623
1279018
1064753
1138477
1182431
1150470
1251051
1225712
1217348
1426015
1289064
1415039
1194248
1248627
1341356
1187194
1078919
1170558
1295321
1171851
1279600
1218638
1088078
1060792
1256466
1102662
1225923
1242244
1409498
1259363
1394136
1044627
1064753
1185264
1256968
1157267
1123450
1310056
1280015
1234873
1120284
1210204
1106861
1165414
1261775
1342275
1112260
1293136
1262196
1146915
1273680
1202550
1235883
1314320
1213308
1317225
1152725
1199410
1242107
1371620
1384429
1336904
1287392
1221757
1418450
1314263
1268908
1392164
1261785
1314590
1197290
1155218
1273566
1148591
1150441
1175293
1169148
1116519
1107726
1151524
1273412
1209843
1122003
1214384
1445851
1243662
1187088
1086141
1229741
1149847
1295776
1322519
1302003
1323038
1116366
1257225
1340961
1282915
1317557
1313520
1168804
1465623
1279018
1064753
1138477
1182431
1150470
1251051
1225712
1217348
1426015
1289064
1415039
1194248
1248627
1341356
1187194
1078919
1170558
1295321
1171851
1279600
1218638
1088078
1060792
1256466
1102662
1225923
1242244
1409498
1259363
1394136
1044627
1064753
1185264
1256968
1157267
1123450
1310056
1280015
1234873
1120284
1210204
1106861
1165414
1261775
1342275
1112260
1293136
1262196
1146915
1273680
1202550
1235883
1314320
1213308
1317225
1152725
1199410
1242107
1371620
1384429
1336904
1287392
1221757
1418450
1314263
1268908
1392164
1261785
1314590
1197290
1155218
1273566
1148591
1150441
1175293
1169148
1116519
1107726
1151524
1273412
1209843
1122003
1214384
1445851
1243662
1187088
1086141
1229741
1149847
1295776
1322519
1302003
1323038
1116366
1257225
1340961
1282915
1317557
1313520
1168804
1465623
1279018
1064753
1138477
1182431
1150470
1251051
1225712
1217348
1426015
1289064
1415039
1194248
1248627
1341356
1187194
1078919
1170558
1295321
1171851
1279600
1218638
1088078
1060792
1256466
1102662
1225923
1242244
1409498
1259363
1394136
1044627
1064753
1185264
1256968
1157267
1123450
1310056
1280015
1234873
1120284
1210204
1106861
1165414
1261775
1342275
1112260
1293136
1262196
1146915
1273680
1202550
1235883
1314320
1213308
1317225
1152725
1199410
1242107
1371620
1384429
1336904
1287392
1221757
1418450
1314263
1268908
1392164
1261785
1314590
1197290
1155218
1273566
1148591
1150441
1175293
1169148
1116519
1107726
1151524
1273412
1209843
1122003
1214384
1445851
1243662
1187088
1086141
1229741
1149847
1295776
1322519
1302003
1323038
1116366
1257225
1340961
1282915
1317557
1313520
1168804
1465623
1279018
1064753
1138477
1182431
1150470
1251051
1225712
1217348
1426015
1289064
1415039
1194248
1248627
1341356
1187194
1078919
1170558
1295321
1171851
1279600
1218638
1088078
1060792
1256466
1102662
1225923
1242244
1409498
1259363
1394136
1044627
1064753
1185264
1256968
1157267
1123450
1310056
1280015
1234873
1120284
1210204
1106861
1165414
1261775
1342275
1112260

real	0m0.206s
user	0m0.630s
sys	0m0.040s
1293136
1262196
1146915
1273680
1202550
1235883
1314320
1213308
1317225
1152725
1199410
1242107
1371620
1384429
1336904
1287392
1221757
1418450
1314263
1268908
1392164
1261785
1314590
1197290
1155218
1273566
1148591
1150441
1175293
1169148
1116519
1107726
1151524
1273412
1209843
1122003
1214384
1445851
1243662
1187088
1086141
1229741
1149847
1295776
1322519
1302003
1323038
1116366
1257225
1340961
1282915
1317557
1313520
1168804
1465623
1279018
1064753
1138477
1182431
1150470
1251051
1225712
1217348
1426015
1289064
1415039
1194248
1248627
1341356
1187194
1078919
1170558
1295321
1171851
1279600
1218638
1088078
1060792
1256466
1102662
1225923
1242244
1409498
1259363
1394136
1044627
1064753
1185264
1256968
1157267
1123450
1310056
1280015
1234873
1120284
1210204
1106861
1165414
1261775
1342275
1112260
1293136
1262196
1146915
1273680
1202550
1235883
1314320
1213308
1317225
1152725
1199410
1242107
1371620
1384429
1336904
1287392
1221757
1418450
1314263
1268908
1392164
1261785
1314590
1197290
1155218
1273566
1148591
1150441
1175293
1169148
1116519
1107726
1151524
1273412
1209843
1122003
1214384
1445851
1243662
1187088
1086141
1229741
1149847
1295776
1322519
1302003
1323038
1116366
1257225
1340961
1282915
1317557
1313520
1168804
1465623
1279018
1064753
1138477
1182431
1150470
1251051
1225712
1217348
1426015
1289064
1415039
1194248
1248627
1341356
1187194
1078919
1170558
1295321
1171851
1279600
1218638
1088078
1060792
1256466
1102662
1225923
1242244
1409498
1259363
1394136
1044627
1064753
1185264
1256968
1157267
1123450
1310056
1280015
1234873
1120284
1210204
1106861
1165414
1261775
1342275
1112260
1293136
1262196
1146915
1273680
1202550
1235883
1314320
1213308
1317225
1152725
1199410
1242107
1371620
1384429
1336904
1287392
1221757
1418450
1314263
1268908
1392164
1261785
1314590
1197290
1155218
1273566
1148591
1150441
1175293
1169148
1116519
1107726
1151524
1273412
1209843
1122003
1214384
1445851
1243662
1187088
1086141
1229741
1149847
1295776
1322519
1302003
1323038
1116366
1257225
1340961
1282915
1317557
1313520
1168804
1465623
1279018
1064753
1138477
1182431
1150470
1251051
1225712
1217348
1426015
1289064
1415039
1194248
1248627
1341356
1187194
1078919
1170558
1295321
1171851
1279600
1218638
1088078
1060792
1256466
1102662
1225923
1242244
1409498
1259363
1394136
1044627
1064753
1185264
1256968
1157267
1123450
1310056
1280015
1234873
1120284
1210204
1106861
1165414
1261775
1342275
1112260
1293136
1262196
1146915
1273680
1202550
1235883
1314320
1213308
1317225
1152725
1199410
1242107
1371620
1384429
1336904
1287392
1221757
1418450
1314263
1268908
1392164
1261785
1314590
1197290
1155218
1273566
1148591
1150441
1175293
1169148
1116519
1107726
1151524
1273412
1209843
1122003
1214384
1445851
1243662
1187088
1086141
1229741
1149847
1295776
1322519
1302003
1323038
1116366
1257225
1340961
1282915
1317557
1313520
1168804
1465623
1279018
1064753
1138477
1182431
1150470
1251051
1225712
1217348
1426015
1289064
1415039
1194248
1248627
1341356
1187194
1078919
1170558
1295321
1171851
1279600
1218638
1088078
1060792
1256466
1102662
1225923
1242244
1409498
1259363
1394136
1044627
1064753
1185264
1256968
1157267
1123450
1310056
1280015
1234873
1120284
1210204
1106861
1165414
1261775
1342275
1112260

real	0m0.212s
user	0m0.640s
sys	0m0.045s
1293136
1262196
1146915
1273680
1202550
1235883
1314320
1213308
1317225
1152725
1199410
1242107
1371620
1384429
1336904
1287392
1221757
1418450
1314263
1268908
1392164
1261785
1314590
1197290
1155218
1273566
1148591
1150441
1175293
1169148
1116519
1107726
1151524
1273412
1209843
1122003
1214384
1445851
1243662
1187088
1086141
1229741
1149847
1295776
1322519
1302003
1323038
1116366
1257225
1340961
1282915
1317557
1313520
1168804
1465623
1279018
1064753
1138477
1182431
1150470
1251051
1225712
1217348
1426015
1289064
1415039
1194248
1248627
1341356
1187194
1078919
1170558
1295321
1171851
1279600
1218638
1088078
1060792
1256466
1102662
1225923
1242244
1409498
1259363
1394136
1044627
1064753
1185264
1256968
1157267
1123450
1310056
1280015
1234873
1120284
1210204
1106861
1165414
1261775
1342275
1112260
1293136
1262196
1146915
1273680
1202550
1235883
1314320
1213308
1317225
1152725
1199410
1242107
1371620
1384429
1336904
1287392
1221757
1418450
1314263
1268908
1392164
1261785
1314590
1197290
1155218
1273566
1148591
1150441
1175293
1169148
1116519
1107726
1151524
1273412
1209843
1122003
1214384
1445851
1243662
1187088
1086141
1229741
1149847
1295776
1322519
1302003
1323038
1116366
1257225
1340961
1282915
1317557
1313520
1168804
1465623
1279018
1064753
1138477
1182431
1150470
1251051
1225712
1217348
1426015
1289064
1415039
1194248
1248627
1341356
1187194
1078919
1170558
1295321
1171851
1279600
1218638
1088078
1060792
1256466
1102662
1225923
1242244
1409498
1259363
1394136
1044627
1064753
1185264
1256968
1157267
1123450
1310056
1280015
1234873
1120284
1210204
1106861
1165414
1261775
1342275
1112260
1293136
1262196
1146915
1273680
1202550
1235883
1314320
1213308
1317225
1152725
1199410
1242107
1371620
1384429
1336904
1287392
1221757
1418450
1314263
1268908
1392164
1261785
1314590
1197290
1155218
1273566
1148591
1150441
1175293
1169148
1116519
1107726
1151524
1273412
1209843
1122003
1214384
1445851
1243662
1187088
1086141
1229741
1149847
1295776
1322519
1302003
1323038
1116366
1257225
1340961
1282915
1317557
1313520
1168804
1465623
1279018
1064753
1138477
1182431
1150470
1251051
1225712
1217348
1426015
1289064
1415039
1194248
1248627
1341356
1187194
1078919
1170558
1295321
1171851
1279600
1218638
1088078
1060792
1256466
1102662
1225923
1242244
1409498
1259363
1394136
1044627
1064753
1185264
1256968
1157267
1123450
1310056
1280015
1234873
1120284
1210204
1106861
1165414
1261775
1342275
1112260
1293136
1262196
1146915
1273680
1202550
1235883
1314320
1213308
1317225
1152725
1199410
1242107
1371620
1384429
1336904
1287392
1221757
1418450
1314263
1268908
1392164
1261785
1314590
1197290
1155218
1273566
1148591
1150441
1175293
1169148
1116519
1107726
1151524
1273412
1209843
1122003
1214384
1445851
1243662
1187088
1086141
1229741
1149847
1295776
1322519
1302003
1323038
1116366
1257225
1340961
1282915
1317557
1313520
1168804
1465623
1279018
1064753
1138477
1182431
1150470
1251051
1225712
1217348
1426015
1289064
1415039
1194248
1248627
1341356
1187194
1078919
1170558
1295321
1171851
1279600
1218638
1088078
1060792
1256466
1102662
1225923
1242244
1409498
1259363
1394136
1044627
1064753
1185264
1256968
1157267
1123450
1310056
1280015
1234873
1120284
1210204
1106861
1165414
1261775
1342275
1112260

real	0m0.217s
user	0m0.628s
sys	0m0.043s
500K
2596453
2544331
2300180
2552596
2406026
2471773
2635830
2435173
2635932
2311371
2403322
2488602
2746685
2780930
2675746
2588304
2451313
2836968
2632774
2536042
2783463
2528603
2642496
2398865
2317055
2554821
2304760
2306029
2349775
2340897
2236739
2213315
2304842
2551545
2418479
2241877
2431778
2903047
2483902
2375984
2176968
2463700
2293223
2593476
2639892
2603430
2643637
2241178
2522121
2681553
2575346
2635919
2627008
2352519
2934213
2564857
2134980
2293907
2367543
2301570
2507588
2455558
2438067
2858646
2578072
2847507
2387554
2496748
2685908
2378928
2169864
2345497
2593086
2340825
2569722
2441899
2176277
2126734
2522026
2215458
2457328
2489604
2836595
2509089
2801213
2097285
2135374
2364604
2505904
2320323
2248508
2636489
2574132
2490372
2253300
2421221
2218277
2331452
2531877
2682924
2227271
2596453
2544331
2300180
2552596
2406026
2471773
2635830
2435173
2635932
2311371
2403322
2488602
2746685
2780930
2675746
2588304
2451313
2836968
2632774
2536042
2783463
2528603
2642496
2398865
2317055
2554821
2304760
2306029
2349775
2340897
2236739
2213315
2304842
2551545
2418479
2241877
2431778
2903047
2483902
2375984
2176968
2463700
2293223
2593476
2639892
2603430
2643637
2241178
2522121
2681553
2575346
2635919
2627008
2352519
2934213
2564857
2134980
2293907
2367543
2301570
2507588
2455558
2438067
2858646
2578072
2847507
2387554
2496748
2685908
2378928
2169864
2345497
2593086
2340825
2569722
2441899
2176277
2126734
2522026
2215458
2457328
2489604
2836595
2509089
2801213
2097285
2135374
2364604
2505904
2320323
2248508
2636489
2574132
2490372
2253300
2421221
2218277
2331452
2531877
2682924
2227271
2596453
2544331
2300180
2552596
2406026
2471773
2635830
2435173
2635932
2311371
2403322
2488602
2746685
2780930
2675746
2588304
2451313
2836968
2632774
2536042
2783463
2528603
2642496
2398865
2317055
2554821
2304760
2306029
2349775
2340897
2236739
2213315
2304842
2551545
2418479
2241877
2431778
2903047
2483902
2375984
2176968
2463700
2293223
2593476
2639892
2603430
2643637
2241178
2522121
2681553
2575346
2635919
2627008
2352519
2934213
2564857
2134980
2293907
2367543
2301570
2507588
2455558
2438067
2858646
2578072
2847507
2387554
2496748
2685908
2378928
2169864
2345497
2593086
2340825
2569722
2441899
2176277
2126734
2522026
2215458
2457328
2489604
2836595
2509089
2801213
2097285
2135374
2364604
2505904
2320323
2248508
2636489
2574132
2490372
2253300
2421221
2218277
2331452
2531877
2682924
2227271
2596453
2544331
2300180
2552596
2406026
2471773
2635830
2435173
2635932
2311371
2403322
2488602
2746685
2780930
2675746
2588304
2451313
2836968
2632774
2536042
2783463
2528603
2642496
2398865
2317055
2554821
2304760
2306029
2349775
2340897
2236739
2213315
2304842
2551545
2418479
2241877
2431778
2903047
2483902
2375984
2176968
2463700
2293223
2593476
2639892
2603430
2643637
2241178
2522121
2681553
2575346
2635919
2627008
2352519
2934213
2564857
2134980
2293907
2367543
2301570
2507588
2455558
2438067
2858646
2578072
2847507
2387554
2496748
2685908
2378928
2169864
2345497
2593086
2340825
2569722
2441899
2176277
2126734
2522026
2215458
2457328
2489604
2836595
2509089
2801213
2097285
2135374
2364604
2505904
2320323
2248508
2636489
2574132
2490372
2253300
2421221
2218277
2331452
2531877
2682924
2227271

real	0m0.401s
user	0m1.274s
sys	0m0.078s
2596453
2544331
2300180
2552596
2406026
2471773
2635830
2435173
2635932
2311371
2403322
2488602
2746685
2780930
2675746
2588304
2451313
2836968
2632774
2536042
2783463
2528603
2642496
2398865
2317055
2554821
2304760
2306029
2349775
2340897
2236739
2213315
2304842
2551545
2418479
2241877
2431778
2903047
2483902
2375984
2176968
2463700
2293223
2593476
2639892
2603430
2643637
2241178
2522121
2681553
2575346
2635919
2627008
2352519
2934213
2564857
2134980
2293907
2367543
2301570
2507588
2455558
2438067
2858646
2578072
2847507
2387554
2496748
2685908
2378928
2169864
2345497
2593086
2340825
2569722
2441899
2176277
2126734
2522026
2215458
2457328
2489604
2836595
2509089
2801213
2097285
2135374
2364604
2505904
2320323
2248508
2636489
2574132
2490372
2253300
2421221
2218277
2331452
2531877
2682924
2227271
2596453
2544331
2300180
2552596
2406026
2471773
2635830
2435173
2635932
2311371
2403322
2488602
2746685
2780930
2675746
2588304
2451313
2836968
2632774
2536042
2783463
2528603
2642496
2398865
2317055
2554821
2304760
2306029
2349775
2340897
2236739
2213315
2304842
2551545
2418479
2241877
2431778
2903047
2483902
2375984
2176968
2463700
2293223
2593476
2639892
2603430
2643637
2241178
2522121
2681553
2575346
2635919
2627008
2352519
2934213
2564857
2134980
2293907
2367543
2301570
2507588
2455558
2438067
2858646
2578072
2847507
2387554
2496748
2685908
2378928
2169864
2345497
2593086
2340825
2569722
2441899
2176277
2126734
2522026
2215458
2457328
2489604
2836595
2509089
2801213
2097285
2135374
2364604
2505904
2320323
2248508
2636489
2574132
2490372
2253300
2421221
2218277
2331452
2531877
2682924
2227271
2596453
2544331
2300180
2552596
2406026
2471773
2635830
2435173
2635932
2311371
2403322
2488602
2746685
2780930
2675746
2588304
2451313
2836968
2632774
2536042
2783463
2528603
2642496
2398865
2317055
2554821
2304760
2306029
2349775
2340897
2236739
2213315
2304842
2551545
2418479
2241877
2431778
2903047
2483902
2375984
2176968
2463700
2293223
2593476
2639892
2603430
2643637
2241178
2522121
2681553
2575346
2635919
2627008
2352519
2934213
2564857
2134980
2293907
2367543
2301570
2507588
2455558
2438067
2858646
2578072
2847507
2387554
2496748
2685908
2378928
2169864
2345497
2593086
2340825
2569722
2441899
2176277
2126734
2522026
2215458
2457328
2489604
2836595
2509089
2801213
2097285
2135374
2364604
2505904
2320323
2248508
2636489
2574132
2490372
2253300
2421221
2218277
2331452
2531877
2682924
2227271
2596453
2544331
2300180
2552596
2406026
2471773
2635830
2435173
2635932
2311371
2403322
2488602
2746685
2780930
2675746
2588304
2451313
2836968
2632774
2536042
2783463
2528603
2642496
2398865
2317055
2554821
2304760
2306029
2349775
2340897
2236739
2213315
2304842
2551545
2418479
2241877
2431778
2903047
2483902
2375984
2176968
2463700
2293223
2593476
2639892
2603430
2643637
2241178
2522121
2681553
2575346
2635919
2627008
2352519
2934213
2564857
2134980
2293907
2367543
2301570
2507588
2455558
2438067
2858646
2578072
2847507
2387554
2496748
2685908
2378928
2169864
2345497
2593086
2340825
2569722
2441899
2176277
2126734
2522026
2215458
2457328
2489604
2836595
2509089
2801213
2097285
2135374
2364604
2505904
2320323
2248508
2636489
2574132
2490372
2253300
2421221
2218277
2331452
2531877
2682924
2227271

real	0m0.398s
user	0m1.323s
sys	0m0.061s
2596453
2544331
2300180
2552596
2406026
2471773
2635830
2435173
2635932
2311371
2403322
2488602
2746685
2780930
2675746
2588304
2451313
2836968
2632774
2536042
2783463
2528603
2642496
2398865
2317055
2554821
2304760
2306029
2349775
2340897
2236739
2213315
2304842
2551545
2418479
2241877
2431778
2903047
2483902
2375984
2176968
2463700
2293223
2593476
2639892
2603430
2643637
2241178
2522121
2681553
2575346
2635919
2627008
2352519
2934213
2564857
2134980
2293907
2367543
2301570
2507588
2455558
2438067
2858646
2578072
2847507
2387554
2496748
2685908
2378928
2169864
2345497
2593086
2340825
2569722
2441899
2176277
2126734
2522026
2215458
2457328
2489604
2836595
2509089
2801213
2097285
2135374
2364604
2505904
2320323
2248508
2636489
2574132
2490372
2253300
2421221
2218277
2331452
2531877
2682924
2227271
2596453
2544331
2300180
2552596
2406026
2471773
2635830
2435173
2635932
2311371
2403322
2488602
2746685
2780930
2675746
2588304
2451313
2836968
2632774
2536042
2783463
2528603
2642496
2398865
2317055
2554821
2304760
2306029
2349775
2340897
2236739
2213315
2304842
2551545
2418479
2241877
2431778
2903047
2483902
2375984
2176968
2463700
2293223
2593476
2639892
2603430
2643637
2241178
2522121
2681553
2575346
2635919
2627008
2352519
2934213
2564857
2134980
2293907
2367543
2301570
2507588
2455558
2438067
2858646
2578072
2847507
2387554
2496748
2685908
2378928
2169864
2345497
2593086
2340825
2569722
2441899
2176277
2126734
2522026
2215458
2457328
2489604
2836595
2509089
2801213
2097285
2135374
2364604
2505904
2320323
2248508
2636489
2574132
2490372
2253300
2421221
2218277
2331452
2531877
2682924
2227271
2596453
2544331
2300180
2552596
2406026
2471773
2635830
2435173
2635932
2311371
2403322
2488602
2746685
2780930
2675746
2588304
2451313
2836968
2632774
2536042
2783463
2528603
2642496
2398865
2317055
2554821
2304760
2306029
2349775
2340897
2236739
2213315
2304842
2551545
2418479
2241877
2431778
2903047
2483902
2375984
2176968
2463700
2293223
2593476
2639892
2603430
2643637
2241178
2522121
2681553
2575346
2635919
2627008
2352519
2934213
2564857
2134980
2293907
2367543
2301570
2507588
2455558
2438067
2858646
2578072
2847507
2387554
2496748
2685908
2378928
2169864
2345497
2593086
2340825
2569722
2441899
2176277
2126734
2522026
2215458
2457328
2489604
2836595
2509089
2801213
2097285
2135374
2364604
2505904
2320323
2248508
2636489
2574132
2490372
2253300
2421221
2218277
2331452
2531877
2682924
2227271
2596453
2544331
2300180
2552596
2406026
2471773
2635830
2435173
2635932
2311371
2403322
2488602
2746685
2780930
2675746
2588304
2451313
2836968
2632774
2536042
2783463
2528603
2642496
2398865
2317055
2554821
2304760
2306029
2349775
2340897
2236739
2213315
2304842
2551545
2418479
2241877
2431778
2903047
2483902
2375984
2176968
2463700
2293223
2593476
2639892
2603430
2643637
2241178
2522121
2681553
2575346
2635919
2627008
2352519
2934213
2564857
2134980
2293907
2367543
2301570
2507588
2455558
2438067
2858646
2578072
2847507
2387554
2496748
2685908
2378928
2169864
2345497
2593086
2340825
2569722
2441899
2176277
2126734
2522026
2215458
2457328
2489604
2836595
2509089
2801213
2097285
2135374
2364604
2505904
2320323
2248508
2636489
2574132
2490372
2253300
2421221
2218277
2331452
2531877
2682924
2227271

real	0m0.385s
user	0m1.294s
sys	0m0.071s
2596453
2544331
2300180
2552596
2406026
2471773
2635830
2435173
2635932
2311371
2403322
2488602
2746685
2780930
2675746
2588304
2451313
2836968
2632774
2536042
2783463
2528603
2642496
2398865
2317055
2554821
2304760
2306029
2349775
2340897
2236739
2213315
2304842
2551545
2418479
2241877
2431778
2903047
2483902
2375984
2176968
2463700
2293223
2593476
2639892
2603430
2643637
2241178
2522121
2681553
2575346
2635919
2627008
2352519
2934213
2564857
2134980
2293907
2367543
2301570
2507588
2455558
2438067
2858646
2578072
2847507
2387554
2496748
2685908
2378928
2169864
2345497
2593086
2340825
2569722
2441899
2176277
2126734
2522026
2215458
2457328
2489604
2836595
2509089
2801213
2097285
2135374
2364604
2505904
2320323
2248508
2636489
2574132
2490372
2253300
2421221
2218277
2331452
2531877
2682924
2227271
2596453
2544331
2300180
2552596
2406026
2471773
2635830
2435173
2635932
2311371
2403322
2488602
2746685
2780930
2675746
2588304
2451313
2836968
2632774
2536042
2783463
2528603
2642496
2398865
2317055
2554821
2304760
2306029
2349775
2340897
2236739
2213315
2304842
2551545
2418479
2241877
2431778
2903047
2483902
2375984
2176968
2463700
2293223
2593476
2639892
2603430
2643637
2241178
2596453
2544331
2300180
2552596
2406026
2471773
2635830
2435173
2635932
2311371
2403322
2488602
2746685
2780930
2675746
2588304
2451313
2836968
2632774
2536042
2783463
2528603
2642496
2398865
2317055
2554821
2304760
2306029
2349775
2340897
2236739
2213315
2304842
2551545
2418479
2241877
2431778
2903047
2483902
2375984
2176968
2463700
2293223
2593476
2639892
2603430
2643637
2241178
2522121
2681553
2575346
2635919
2627008
2352519
2934213
2564857
2134980
2293907
2367543
2301570
2507588
2455558
2438067
2858646
2578072
2847507
2387554
2496748
2685908
2378928
2169864
2345497
2593086
2340825
2569722
2441899
2176277
2126734
2522026
2215458
2457328
2489604
2836595
2509089
2801213
2097285
2135374
2364604
2505904
2320323
2248508
2636489
2574132
2490372
2253300
2421221
2218277
2331452
2531877
2682924
2227271
2522121
2681553
2575346
2635919
2627008
2352519
2934213
2564857
2134980
2293907
2367543
2301570
2507588
2455558
2438067
2858646
2578072
2847507
2387554
2496748
2685908
2378928
2169864
2345497
2593086
2340825
2569722
2441899
2176277
2126734
2522026
2215458
2457328
2596453
2544331
2300180
2552596
2406026
2471773
2635830
2435173
2635932
2311371
2403322
2488602
2746685
2780930
2675746
2588304
2451313
2836968
2632774
2536042
2783463
2528603
2642496
2398865
2317055
2554821
2304760
2306029
2349775
2340897
2236739
2213315
2304842
2551545
2418479
2241877
2431778
2903047
2483902
2375984
2176968
2463700
2293223
2593476
2639892
2603430
2643637
2241178
2522121
2681553
2575346
2635919
2627008
2352519
2934213
2564857
2134980
2293907
2367543
2301570
2507588
2455558
2438067
2858646
2578072
2847507
2387554
2496748
2685908
2378928
2169864
2345497
2593086
2340825
2569722
2441899
2176277
2126734
2522026
2215458
2457328
2489604
2836595
2509089
2801213
2097285
2135374
2364604
2505904
2320323
2248508
2636489
2574132
2490372
2253300
2421221
2218277
2331452
2531877
2682924
2227271
2489604
2836595
2509089
2801213
2097285
2135374
2364604
2505904
2320323
2248508
2636489
2574132
2490372
2253300
2421221
2218277
2331452
2531877
2682924
2227271

real	0m0.401s
user	0m1.322s
sys	0m0.071s
2596453
2544331
2300180
2552596
2406026
2471773
2635830
2435173
2635932
2311371
2403322
2488602
2746685
2780930
2675746
2588304
2451313
2836968
2632774
2536042
2783463
2528603
2642496
2398865
2317055
2554821
2304760
2306029
2349775
2340897
2236739
2213315
2304842
2551545
2418479
2241877
2431778
2903047
2483902
2375984
2176968
2463700
2293223
2593476
2639892
2603430
2643637
2241178
2522121
2681553
2575346
2635919
2627008
2352519
2934213
2564857
2134980
2293907
2367543
2301570
2507588
2455558
2438067
2858646
2578072
2847507
2387554
2496748
2685908
2378928
2169864
2345497
2593086
2340825
2569722
2441899
2176277
2126734
2522026
2215458
2457328
2489604
2836595
2509089
2801213
2097285
2135374
2364604
2505904
2320323
2248508
2636489
2574132
2490372
2253300
2421221
2218277
2331452
2531877
2682924
2227271
2596453
2544331
2300180
2552596
2406026
2471773
2635830
2435173
2635932
2311371
2403322
2488602
2746685
2780930
2675746
2588304
2451313
2836968
2632774
2536042
2783463
2528603
2642496
2398865
2317055
2554821
2304760
2306029
2349775
2340897
2236739
2213315
2304842
2551545
2418479
2241877
2431778
2903047
2483902
2375984
2176968
2463700
2293223
2593476
2639892
2603430
2643637
2241178
2522121
2681553
2575346
2635919
2627008
2352519
2934213
2564857
2134980
2293907
2367543
2301570
2507588
2455558
2438067
2858646
2578072
2847507
2387554
2496748
2685908
2378928
2169864
2345497
2593086
2340825
2569722
2441899
2176277
2126734
2522026
2215458
2457328
2489604
2836595
2509089
2801213
2097285
2135374
2364604
2505904
2320323
2248508
2636489
2574132
2490372
2253300
2421221
2218277
2331452
2531877
2682924
2227271
2596453
2544331
2300180
2552596
2406026
2471773
2635830
2435173
2635932
2311371
2403322
2488602
2746685
2780930
2675746
2588304
2451313
2836968
2632774
2536042
2783463
2528603
2642496
2398865
2317055
2554821
2304760
2306029
2349775
2340897
2236739
2213315
2304842
2551545
2418479
2241877
2431778
2903047
2483902
2375984
2176968
2463700
2293223
2593476
2639892
2603430
2643637
2241178
2522121
2681553
2575346
2635919
2627008
2352519
2934213
2564857
2134980
2293907
2367543
2301570
2507588
2455558
2438067
2858646
2578072
2847507
2387554
2496748
2685908
2378928
2169864
2345497
2593086
2340825
2569722
2441899
2176277
2126734
2522026
2215458
2457328
2489604
2836595
2509089
2801213
2097285
2135374
2364604
2505904
2320323
2248508
2636489
2574132
2490372
2253300
2421221
2218277
2331452
2531877
2682924
2227271
2596453
2544331
2300180
2552596
2406026
2471773
2635830
2435173
2635932
2311371
2403322
2488602
2746685
2780930
2675746
2588304
2451313
2836968
2632774
2536042
2783463
2528603
2642496
2398865
2317055
2554821
2304760
2306029
2349775
2340897
2236739
2213315
2304842
2551545
2418479
2241877
2431778
2903047
2483902
2375984
2176968
2463700
2293223
2593476
2639892
2603430
2643637
2241178
2522121
2681553
2575346
2635919
2627008
2352519
2934213
2564857
2134980
2293907
2367543
2301570
2507588
2455558
2438067
2858646
2578072
2847507
2387554
2496748
2685908
2378928
2169864
2345497
2593086
2340825
2569722
2441899
2176277
2126734
2522026
2215458
2457328
2489604
2836595
2509089
2801213
2097285
2135374
2364604
2505904
2320323
2248508
2636489
2574132
2490372
2253300
2421221
2218277
2331452
2531877
2682924
2227271

real	0m0.394s
user	0m1.314s
sys	0m0.069s
1M
5315200
5186800
4677250
5199750
4913650
5045600
5355650
4974350
5364200
4719250
4921700
5072050
5604500
5661200
5454200
5258800
5020200
5789250
5361950
5190700
5679200
5154350
5396650
4882650
4727600
5194100
4701250
4706850
4790250
4776150
4563450
4498400
4694650
5194050
4925450
4572050
4968850
5904250
5064550
4858050
4447550
5017400
4691000
5284050
5390850
5298500
5384600
4581800
5133150
5467900
5231400
5361450
5358550
4808200
5992550
5237550
4360450
4675700
4831100
4707550
5099650
5004300
4976350
5826600
5254700
5796550
4881250
5088250
5480700
4861300
4426600
4777800
5282700
4781100
5243350
4997700
4442300
4344950
5130150
4507300
4995800
5076050
5776850
5105100
5709500
4270000
4353000
4825550
5116400
4731350
4601800
5374600
5250050
5062000
4595400
4939600
4521850
4758700
5160150
5467450
4546400
5315200
5186800
4677250
5199750
4913650
5045600
5355650
4974350
5364200
4719250
4921700
5072050
5604500
5661200
5454200
5258800
5020200
5789250
5361950
5190700
5679200
5154350
5396650
4882650
4727600
5194100
4701250
4706850
4790250
4776150
4563450
4498400
4694650
5194050
4925450
4572050
4968850
5904250
5064550
4858050
4447550
5017400
4691000
5284050
5390850
5298500
5384600
4581800
5133150
5467900
5231400
5361450
5358550
4808200
5992550
5237550
4360450
4675700
4831100
4707550
5099650
5004300
4976350
5826600
5254700
5796550
4881250
5088250
5480700
4861300
4426600
4777800
5282700
4781100
5243350
4997700
4442300
4344950
5130150
4507300
4995800
5076050
5776850
5105100
5709500
4270000
4353000
4825550
5116400
4731350
4601800
5374600
5250050
5062000
4595400
4939600
4521850
4758700
5160150
5467450
4546400
5315200
5186800
4677250
5199750
4913650
5045600
5355650
4974350
5364200
4719250
4921700
5072050
5604500
5661200
5454200
5258800
5020200
5789250
5361950
5190700
5679200
5154350
5396650
4882650
4727600
5194100
4701250
4706850
4790250
4776150
4563450
4498400
4694650
5194050
4925450
4572050
4968850
5904250
5064550
4858050
4447550
5017400
4691000
5284050
5390850
5298500
5384600
4581800
5133150
5467900
5231400
5361450
5358550
4808200
5992550
5237550
4360450
4675700
4831100
4707550
5099650
5004300
4976350
5826600
5254700
5796550
4881250
5088250
5480700
4861300
4426600
4777800
5282700
4781100
5243350
4997700
4442300
4344950
5130150
4507300
4995800
5076050
5776850
5105100
5709500
4270000
4353000
4825550
5116400
4731350
4601800
5374600
5250050
5062000
4595400
4939600
4521850
4758700
5160150
5467450
4546400
5315200
5186800
4677250
5199750
4913650
5045600
5355650
4974350
5364200
4719250
4921700
5072050
5604500
5661200
5454200
5258800
5020200
5789250
5361950
5190700
5679200
5154350
5396650
4882650
4727600
5194100
4701250
4706850
4790250
4776150
4563450
4498400
4694650
5194050
4925450
4572050
4968850
5904250
5064550
4858050
4447550
5017400
4691000
5284050
5390850
5298500
5384600
4581800
5133150
5467900
5231400
5361450
5358550
4808200
5992550
5237550
4360450
4675700
4831100
4707550
5099650
5004300
4976350
5826600
5254700
5796550
4881250
5088250
5480700
4861300
4426600
4777800
5282700
4781100
5243350
4997700
4442300
4344950
5130150
4507300
4995800
5076050
5776850
5105100
5709500
4270000
4353000
4825550
5116400
4731350
4601800
5374600
5250050
5062000
4595400
4939600
4521850
4758700
5160150
5467450
4546400

real	0m0.768s
user	0m2.767s
sys	0m0.112s
5315200
5186800
4677250
5199750
4913650
5045600
5355650
4974350
5364200
4719250
4921700
5072050
5604500
5661200
5454200
5258800
5020200
5789250
5361950
5190700
5679200
5154350
5396650
4882650
4727600
5194100
4701250
4706850
4790250
4776150
4563450
4498400
4694650
5194050
4925450
4572050
4968850
5904250
5064550
4858050
4447550
5017400
4691000
5284050
5390850
5298500
5384600
4581800
5133150
5467900
5231400
5361450
5358550
4808200
5992550
5237550
4360450
4675700
4831100
4707550
5099650
5004300
4976350
5826600
5254700
5796550
4881250
5088250
5480700
4861300
4426600
4777800
5282700
4781100
5243350
4997700
4442300
4344950
5130150
4507300
4995800
5076050
5776850
5105100
5709500
4270000
4353000
4825550
5116400
4731350
4601800
5374600
5250050
5062000
4595400
4939600
4521850
4758700
5160150
5467450
4546400
5315200
5186800
4677250
5199750
4913650
5045600
5355650
4974350
5364200
4719250
4921700
5072050
5604500
5661200
5454200
5258800
5020200
5789250
5361950
5190700
5679200
5154350
5396650
4882650
4727600
5194100
4701250
4706850
4790250
4776150
4563450
4498400
4694650
5194050
4925450
4572050
4968850
5904250
5064550
4858050
4447550
5017400
4691000
5284050
5390850
5298500
5384600
4581800
5133150
5467900
5231400
5361450
5358550
4808200
5992550
5237550
4360450
4675700
4831100
4707550
5099650
5004300
4976350
5826600
5254700
5796550
4881250
5088250
5480700
4861300
4426600
4777800
5282700
4781100
5243350
4997700
4442300
4344950
5130150
4507300
4995800
5076050
5776850
5105100
5709500
4270000
4353000
4825550
5116400
4731350
4601800
5374600
5250050
5062000
4595400
4939600
4521850
4758700
5160150
5467450
4546400
5315200
5186800
4677250
5199750
4913650
5045600
5355650
4974350
5364200
4719250
4921700
5072050
5604500
5661200
5454200
5258800
5020200
5789250
5361950
5190700
5679200
5154350
5396650
4882650
4727600
5194100
4701250
4706850
4790250
4776150
4563450
4498400
4694650
5194050
4925450
4572050
4968850
5904250
5064550
4858050
4447550
5017400
4691000
5284050
5390850
5298500
5384600
4581800
5133150
5467900
5231400
5361450
5358550
4808200
5992550
5237550
4360450
4675700
4831100
4707550
5099650
5004300
4976350
5826600
5254700
5796550
4881250
5088250
5480700
4861300
4426600
4777800
5282700
4781100
5243350
4997700
4442300
4344950
5130150
4507300
4995800
5076050
5776850
5105100
5709500
4270000
4353000
4825550
5116400
4731350
4601800
5374600
5250050
5062000
4595400
4939600
4521850
4758700
5160150
5467450
4546400
5315200
5186800
4677250
5199750
4913650
5045600
5355650
4974350
5364200
4719250
4921700
5072050
5604500
5661200
5454200
5258800
5020200
5789250
5361950
5190700
5679200
5154350
5396650
4882650
4727600
5194100
4701250
4706850
4790250
4776150
4563450
4498400
4694650
5194050
4925450
4572050
4968850
5904250
5064550
4858050
4447550
5017400
4691000
5284050
5390850
5298500
5384600
4581800
5133150
5467900
5231400
5361450
5358550
4808200
5992550
5237550
4360450
4675700
4831100
4707550
5099650
5004300
4976350
5826600
5254700
5796550
4881250
5088250
5480700
4861300
4426600
4777800
5282700
4781100
5243350
4997700
4442300
4344950
5130150
4507300
4995800
5076050
5776850
5105100
5709500
4270000
4353000
4825550
5116400
4731350
4601800
5374600
5250050
5062000
4595400
4939600
4521850
4758700
5160150
5467450
4546400

real	0m0.783s
user	0m2.729s
sys	0m0.125s
5315200
5186800
4677250
5199750
4913650
5045600
5355650
4974350
5364200
4719250
4921700
5072050
5604500
5661200
5454200
5258800
5020200
5789250
5361950
5190700
5679200
5154350
5396650
4882650
4727600
5194100
4701250
4706850
4790250
4776150
4563450
4498400
4694650
5194050
4925450
4572050
4968850
5904250
5064550
4858050
4447550
5017400
4691000
5284050
5390850
5298500
5384600
4581800
5133150
5467900
5231400
5361450
5358550
4808200
5992550
5237550
4360450
4675700
4831100
4707550
5099650
5004300
4976350
5826600
5254700
5796550
4881250
5088250
5480700
4861300
4426600
4777800
5282700
4781100
5243350
4997700
4442300
4344950
5130150
4507300
4995800
5076050
5776850
5105100
5709500
4270000
4353000
4825550
5116400
4731350
4601800
5374600
5250050
5062000
4595400
4939600
4521850
4758700
5160150
5467450
4546400
5315200
5186800
4677250
5199750
4913650
5045600
5355650
4974350
5364200
4719250
4921700
5072050
5604500
5661200
5454200
5258800
5020200
5789250
5361950
5190700
5679200
5154350
5396650
4882650
4727600
5194100
4701250
4706850
4790250
4776150
4563450
4498400
4694650
5194050
4925450
4572050
4968850
5904250
5064550
4858050
4447550
5017400
4691000
5284050
5390850
5298500
5384600
4581800
5133150
5467900
5231400
5361450
5358550
4808200
5992550
5237550
4360450
4675700
4831100
4707550
5099650
5004300
4976350
5826600
5254700
5796550
4881250
5088250
5480700
4861300
4426600
4777800
5282700
4781100
5243350
4997700
4442300
4344950
5130150
4507300
4995800
5076050
5776850
5105100
5709500
4270000
4353000
4825550
5116400
4731350
4601800
5374600
5250050
5062000
4595400
4939600
4521850
4758700
5160150
5467450
4546400
5315200
5186800
4677250
5199750
4913650
5045600
5355650
4974350
5364200
4719250
4921700
5072050
5604500
5661200
5454200
5258800
5020200
5789250
5361950
5190700
5679200
5154350
5396650
4882650
4727600
5194100
4701250
4706850
4790250
4776150
4563450
4498400
4694650
5194050
4925450
4572050
4968850
5904250
5064550
4858050
4447550
5017400
4691000
5284050
5390850
5298500
5384600
4581800
5133150
5467900
5231400
5361450
5358550
4808200
5992550
5237550
4360450
4675700
4831100
4707550
5099650
5004300
4976350
5826600
5254700
5796550
4881250
5088250
5480700
4861300
4426600
4777800
5282700
4781100
5243350
4997700
4442300
4344950
5130150
4507300
4995800
5076050
5776850
5105100
5709500
4270000
4353000
4825550
5116400
4731350
4601800
5374600
5250050
5062000
4595400
4939600
4521850
4758700
5160150
5467450
4546400
5315200
5186800
4677250
5199750
4913650
5045600
5355650
4974350
5364200
4719250
4921700
5072050
5604500
5661200
5454200
5258800
5020200
5789250
5361950
5190700
5679200
5154350
5396650
4882650
4727600
5194100
4701250
4706850
4790250
4776150
4563450
4498400
4694650
5194050
4925450
4572050
4968850
5904250
5064550
4858050
4447550
5017400
4691000
5284050
5390850
5298500
5384600
4581800
5133150
5467900
5231400
5361450
5358550
4808200
5992550
5237550
4360450
4675700
4831100
4707550
5099650
5004300
4976350
5826600
5254700
5796550
4881250
5088250
5480700
4861300
4426600
4777800
5282700
4781100
5243350
4997700
4442300
4344950
5130150
4507300
4995800
5076050
5776850
5105100
5709500
4270000
4353000
4825550
5116400
4731350
4601800
5374600
5250050
5062000
4595400
4939600
4521850
4758700
5160150
5467450
4546400

real	0m0.778s
user	0m2.735s
sys	0m0.108s
5315200
5186800
4677250
5199750
4913650
5045600
5355650
4974350
5364200
4719250
4921700
5072050
5604500
5661200
5454200
5258800
5020200
5789250
5361950
5190700
5679200
5154350
5396650
4882650
4727600
5194100
4701250
4706850
4790250
4776150
4563450
4498400
4694650
5194050
4925450
4572050
4968850
5904250
5064550
4858050
4447550
5017400
4691000
5284050
5390850
5298500
5384600
4581800
5133150
5467900
5231400
5361450
5358550
4808200
5992550
5237550
4360450
4675700
4831100
4707550
5099650
5004300
4976350
5826600
5254700
5796550
4881250
5088250
5480700
4861300
4426600
4777800
5282700
4781100
5243350
4997700
4442300
4344950
5130150
4507300
4995800
5076050
5776850
5105100
5709500
4270000
4353000
4825550
5116400
4731350
4601800
5374600
5250050
5062000
4595400
4939600
4521850
4758700
5160150
5467450
4546400
5315200
5186800
4677250
5199750
4913650
5045600
5355650
4974350
5364200
4719250
4921700
5072050
5604500
5661200
5454200
5258800
5020200
5789250
5361950
5190700
5679200
5154350
5396650
4882650
4727600
5194100
4701250
4706850
4790250
4776150
4563450
4498400
4694650
5194050
4925450
4572050
4968850
5904250
5064550
4858050
4447550
5017400
4691000
5284050
5390850
5298500
5384600
4581800
5133150
5467900
5231400
5361450
5358550
4808200
5992550
5237550
4360450
4675700
4831100
4707550
5099650
5004300
4976350
5826600
5254700
5796550
4881250
5088250
5480700
4861300
4426600
4777800
5282700
4781100
5243350
4997700
4442300
4344950
5130150
4507300
4995800
5076050
5776850
5105100
5709500
4270000
4353000
4825550
5116400
4731350
4601800
5374600
5250050
5062000
4595400
4939600
4521850
4758700
5160150
5467450
4546400
5315200
5186800
4677250
5199750
4913650
5045600
5355650
4974350
5364200
4719250
4921700
5072050
5604500
5661200
5454200
5258800
5020200
5789250
5361950
5190700
5679200
5154350
5396650
4882650
4727600
5194100
4701250
4706850
4790250
4776150
4563450
4498400
4694650
5194050
4925450
4572050
4968850
5904250
5064550
4858050
4447550
5017400
4691000
5284050
5390850
5298500
5384600
4581800
5133150
5467900
5231400
5361450
5358550
4808200
5992550
5237550
4360450
4675700
4831100
4707550
5099650
5004300
4976350
5826600
5254700
5796550
4881250
5088250
5480700
4861300
4426600
4777800
5282700
4781100
5243350
4997700
4442300
4344950
5130150
4507300
4995800
5076050
5776850
5105100
5709500
4270000
4353000
4825550
5116400
4731350
4601800
5374600
5250050
5062000
4595400
4939600
4521850
4758700
5160150
5467450
4546400
5315200
5186800
4677250
5199750
4913650
5045600
5355650
4974350
5364200
4719250
4921700
5072050
5604500
5661200
5454200
5258800
5020200
5789250
5361950
5190700
5679200
5154350
5396650
4882650
4727600
5194100
4701250
4706850
4790250
4776150
4563450
4498400
4694650
5194050
4925450
4572050
4968850
5904250
5064550
4858050
4447550
5017400
4691000
5284050
5390850
5298500
5384600
4581800
5133150
5467900
5231400
5361450
5358550
4808200
5992550
5237550
4360450
4675700
4831100
4707550
5099650
5004300
4976350
5826600
5254700
5796550
4881250
5088250
5480700
4861300
4426600
4777800
5282700
4781100
5243350
4997700
4442300
4344950
5130150
4507300
4995800
5076050
5776850
5105100
5709500
4270000
4353000
4825550
5116400
4731350
4601800
5374600
5250050
5062000
4595400
4939600
4521850
4758700
5160150
5467450
4546400

real	0m0.786s
user	0m2.734s
sys	0m0.121s
5315200
5186800
4677250
5199750
4913650
5045600
5355650
4974350
5364200
4719250
4921700
5072050
5604500
5661200
5454200
5258800
5020200
5789250
5361950
5190700
5679200
5154350
5396650
4882650
4727600
5194100
4701250
4706850
4790250
4776150
4563450
4498400
4694650
5194050
4925450
4572050
4968850
5904250
5064550
4858050
4447550
5017400
4691000
5284050
5390850
5298500
5384600
4581800
5133150
5467900
5231400
5361450
5358550
4808200
5992550
5237550
4360450
4675700
4831100
4707550
5099650
5004300
4976350
5826600
5254700
5796550
4881250
5088250
5480700
4861300
4426600
4777800
5282700
4781100
5243350
4997700
4442300
4344950
5130150
4507300
4995800
5076050
5776850
5105100
5709500
4270000
4353000
4825550
5116400
4731350
4601800
5374600
5250050
5062000
4595400
4939600
4521850
4758700
5160150
5467450
4546400
5315200
5186800
4677250
5199750
4913650
5045600
5355650
4974350
5364200
4719250
4921700
5072050
5604500
5661200
5454200
5258800
5020200
5789250
5361950
5190700
5679200
5154350
5396650
4882650
4727600
5194100
4701250
4706850
4790250
4776150
4563450
4498400
4694650
5194050
4925450
4572050
4968850
5904250
5064550
4858050
4447550
5017400
4691000
5284050
5390850
5298500
5384600
4581800
5133150
5467900
5231400
5361450
5358550
4808200
5992550
5237550
4360450
4675700
4831100
4707550
5099650
5004300
4976350
5826600
5254700
5796550
4881250
5088250
5480700
4861300
4426600
4777800
5282700
4781100
5243350
4997700
4442300
4344950
5130150
4507300
4995800
5076050
5776850
5105100
5709500
4270000
4353000
4825550
5116400
4731350
4601800
5374600
5250050
5062000
4595400
4939600
4521850
4758700
5160150
5467450
4546400
5315200
5186800
4677250
5199750
4913650
5045600
5355650
4974350
5364200
4719250
4921700
5072050
5604500
5661200
5454200
5258800
5020200
5789250
5361950
5190700
5679200
5154350
5396650
4882650
4727600
5194100
4701250
4706850
4790250
4776150
4563450
4498400
4694650
5194050
4925450
4572050
4968850
5904250
5064550
4858050
4447550
5017400
4691000
5284050
5390850
5298500
5384600
4581800
5133150
5467900
5231400
5361450
5358550
4808200
5992550
5237550
4360450
4675700
4831100
4707550
5099650
5004300
4976350
5826600
5254700
5796550
4881250
5088250
5480700
4861300
4426600
4777800
5282700
4781100
5243350
4997700
4442300
4344950
5130150
4507300
4995800
5076050
5776850
5105100
5709500
4270000
4353000
4825550
5116400
4731350
4601800
5374600
5250050
5062000
4595400
4939600
4521850
4758700
5160150
5467450
4546400
5315200
5186800
4677250
5199750
4913650
5045600
5355650
4974350
5364200
4719250
4921700
5072050
5604500
5661200
5454200
5258800
5020200
5789250
5361950
5190700
5679200
5154350
5396650
4882650
4727600
5194100
4701250
4706850
4790250
4776150
4563450
4498400
4694650
5194050
4925450
4572050
4968850
5904250
5064550
4858050
4447550
5017400
4691000
5284050
5390850
5298500
5384600
4581800
5133150
5467900
5231400
5361450
5358550
4808200
5992550
5237550
4360450
4675700
4831100
4707550
5099650
5004300
4976350
5826600
5254700
5796550
4881250
5088250
5480700
4861300
4426600
4777800
5282700
4781100
5243350
4997700
4442300
4344950
5130150
4507300
4995800
5076050
5776850
5105100
5709500
4270000
4353000
4825550
5116400
4731350
4601800
5374600
5250050
5062000
4595400
4939600
4521850
4758700
5160150
5467450
4546400

real	0m0.782s
user	0m2.761s
sys	0m0.132s
