1K
39

real	0m0.001s
user	0m0.000s
sys	0m0.001s
39

real	0m0.001s
user	0m0.000s
sys	0m0.001s
39

real	0m0.003s
user	0m0.001s
sys	0m0.000s
39

real	0m0.001s
user	0m0.000s
sys	0m0.001s
39

real	0m0.001s
user	0m0.001s
sys	0m0.000s
100K
39

real	0m0.023s
user	0m0.017s
sys	0m0.001s
39

real	0m0.021s
user	0m0.017s
sys	0m0.003s
39

real	0m0.018s
user	0m0.016s
sys	0m0.002s
39

real	0m0.019s
user	0m0.014s
sys	0m0.004s
39

real	0m0.019s
user	0m0.016s
sys	0m0.002s
1M
39

real	0m0.165s
user	0m0.159s
sys	0m0.003s
39

real	0m0.172s
user	0m0.163s
sys	0m0.006s
39

real	0m0.173s
user	0m0.161s
sys	0m0.009s
39

real	0m0.174s
user	0m0.162s
sys	0m0.007s
39

real	0m0.166s
user	0m0.157s
sys	0m0.005s
5M
39

real	0m0.856s
user	0m0.808s
sys	0m0.027s
39

real	0m0.820s
user	0m0.796s
sys	0m0.015s
39

real	0m0.906s
user	0m0.709s
sys	0m0.020s
39

real	0m0.823s
user	0m0.802s
sys	0m0.012s
39

real	0m0.804s
user	0m0.775s
sys	0m0.017s
10M
39

real	0m1.703s
user	0m1.630s
sys	0m0.049s
39

real	0m1.617s
user	0m1.567s
sys	0m0.034s
39

real	0m1.665s
user	0m1.601s
sys	0m0.048s
39

real	0m1.663s
user	0m1.603s
sys	0m0.038s
39

real	0m1.617s
user	0m1.566s
sys	0m0.034s
